#
# A fatal error has been detected by the Java Runtime Environment:
#
#  EXCEPTION_ACCESS_VIOLATION (0xc0000005) at pc=0x00007ffade00c986, pid=2040, tid=23008
#
# JRE version: OpenJDK Runtime Environment Temurin-17.0.5+8 (17.0.5+8) (build 17.0.5+8)
# Java VM: OpenJDK 64-Bit Server VM Temurin-17.0.5+8 (17.0.5+8, mixed mode, emulated-client, tiered, compressed oops, compressed class ptrs, g1 gc, windows-amd64)
# Problematic frame:
# V  [jvm.dll+0xc986]
#
# No core dump will be written. Minidumps are not enabled by default on client versions of Windows
#
# If you would like to submit a bug report, please visit:
#   https://github.com/adoptium/adoptium-support/issues
#

---------------  S U M M A R Y ------------

Command Line: -XX:+HeapDumpOnOutOfMemoryError -Xmx1024m -Dsts.lsp.client=vscode -Dsts.log.file=/dev/null -XX:TieredStopAtLevel=1 -Xlog:jni+resolve=off -Dspring.config.location=file:c:\Users\Ethan\.vscode\extensions\vmware.vscode-spring-boot-1.44.0\language-server\BOOT-INF\classes\application.properties org.springframework.ide.vscode.boot.app.BootLanguageServerBootApp

Host: Intel(R) Core(TM) i5-8265U CPU @ 1.60GHz, 8 cores, 7G,  Windows 11 , 64 bit Build 22621 (10.0.22621.1105)
Time: Fri Feb 10 15:06:30 2023 US Mountain Standard Time elapsed time: 5841.347577 seconds (0d 1h 37m 21s)

---------------  T H R E A D  ---------------

Current thread (0x0000026e79a5a840):  ConcurrentGCThread "G1 Conc#0" [stack: 0x000000c60eb00000,0x000000c60ec00000] [id=23008]

Stack: [0x000000c60eb00000,0x000000c60ec00000],  sp=0x000000c60ebffb58,  free space=1022k
Native frames: (J=compiled Java code, j=interpreted, Vv=VM code, C=native code)
V  [jvm.dll+0xc986]


siginfo: EXCEPTION_ACCESS_VIOLATION (0xc0000005), reading address 0x0000000000000008


Register to memory mapping:

RIP=0x00007ffade00c986 jvm.dll
RAX=0x0000400000000000 is an unknown value
RBX=0x0000026e79a51501 points into unknown readable memory: 00 00 00 00 00 00 00
RCX=0x00000000c1567f50 points into unknown readable memory: 0x0000000000000000 | 00 00 00 00 00 00 00 00
RDX=0x00000000c1567f50 points into unknown readable memory: 0x0000000000000000 | 00 00 00 00 00 00 00 00
RSP=0x000000c60ebffb58 points into unknown readable memory: 0x00007ffade2d5288 | 88 52 2d de fa 7f 00 00
RBP=0x0 is NULL
RSI=0x0000026e79a515e0 points into unknown readable memory: 0x0000026e79a59f20 | 20 9f a5 79 6e 02 00 00
RDI=0x00000000c1567f50 points into unknown readable memory: 0x0000000000000000 | 00 00 00 00 00 00 00 00
R8 =0x0000026e000559f8 points into unknown readable memory: 0x0000440000000000 | 00 00 00 00 00 44 00 00
R9 =0x0 is NULL
R10=0x0000000000000047 is an unknown value
R11=0x0000000000000003 is an unknown value
R12=0x0 is NULL
R13=0xaaaaaaaaaaaaaaab is an unknown value
R14=0x00000001000607f0 is a pointer to class: 
R15=0x00000000c17d9810 is an oop: java.util.HashMap$Node 
{0x00000000c17d9810} - klass: 'java/util/HashMap$Node'
 - ---- fields (total size 4 words):
 - final 'hash' 'I' @12  -1306708582 (b21d359a)
 - final 'key' 'Ljava/lang/Object;' @16  
[error occurred during error reporting (printing register info), id 0xc0000005, EXCEPTION_ACCESS_VIOLATION (0xc0000005) at pc=0x00007ffade662f53]

Registers:
RAX=0x0000400000000000, RBX=0x0000026e79a51501, RCX=0x00000000c1567f50, RDX=0x00000000c1567f50
RSP=0x000000c60ebffb58, RBP=0x0000000000000000, RSI=0x0000026e79a515e0, RDI=0x00000000c1567f50
R8 =0x0000026e000559f8, R9 =0x0000000000000000, R10=0x0000000000000047, R11=0x0000000000000003
R12=0x0000000000000000, R13=0xaaaaaaaaaaaaaaab, R14=0x00000001000607f0, R15=0x00000000c17d9810
RIP=0x00007ffade00c986, EFLAGS=0x0000000000010246

Top of Stack: (sp=0x000000c60ebffb58)
0x000000c60ebffb58:   00007ffade2d5288 0000026e79a5d3f0
0x000000c60ebffb68:   000000c60ebffd30 0000000100041de8
0x000000c60ebffb78:   000000c60ebffd30 00000000c1567f50
0x000000c60ebffb88:   00007ffade2d4f0f 0000026e79a5d3f0
0x000000c60ebffb98:   000000c60ebffd30 00000001000607e8
0x000000c60ebffba8:   00007ffade67008c 00000000c17d982c
0x000000c60ebffbb8:   00007ffade2d313d 00000000c17d9824
0x000000c60ebffbc8:   00007ffade2d2d81 0000000100041b58
0x000000c60ebffbd8:   0000000000000003 000000c60ebffcf0
0x000000c60ebffbe8:   0000000000000001 00000000c17d9810
0x000000c60ebffbf8:   00007ffade2d2d81 00000001000605b0
0x000000c60ebffc08:   0000000000000004 000000c60ebffd30
0x000000c60ebffc18:   0000000000000000 0000026e79a5d3f0
0x000000c60ebffc28:   00007ffade2e881e 00000000c17d9810
0x000000c60ebffc38:   0000026e79a515f0 000000c60ebffcf0
0x000000c60ebffc48:   0000026e79a515f0 00000000c17d9810 

Instructions: (pc=0x00007ffade00c986)
0x00007ffade00c886:   cc cc cc cc cc cc cc cc cc cc 4c 8b 01 4c 8b c9
0x00007ffade00c896:   48 8b 0d f3 a2 b4 00 ba 64 60 08 00 e9 c9 f1 ff
0x00007ffade00c8a6:   ff cc cc cc cc cc cc cc cc cc 8b 05 32 ea ae 00
0x00007ffade00c8b6:   c3 cc cc cc cc cc cc cc cc cc 0f b6 05 38 ab b5
0x00007ffade00c8c6:   00 48 8b d1 84 c0 74 16 44 8b 41 08 8b 0d 10 ea
0x00007ffade00c8d6:   ae 00 49 d3 e0 4c 03 05 fe e9 ae 00 eb 04 4c 8b
0x00007ffade00c8e6:   41 08 45 8b 50 08 45 85 d2 7e 0e 41 f6 c2 01 75
0x00007ffade00c8f6:   53 41 c1 fa 03 41 8b c2 c3 79 49 84 c0 b9 10 00
0x00007ffade00c906:   00 00 8b 05 16 f9 ae 00 41 b8 0c 00 00 00 41 0f
0x00007ffade00c916:   45 c8 ff c8 4c 63 c8 48 63 14 11 41 8b ca 83 e1
0x00007ffade00c926:   3f 48 d3 e2 41 8b ca 48 c1 f9 10 0f b6 c1 49 8d
0x00007ffade00c936:   0c 11 49 f7 d1 48 03 c1 49 c1 e9 03 48 c1 e8 03
0x00007ffade00c946:   41 23 c1 c3 49 8b 00 49 8b c8 48 ff a0 00 01 00
0x00007ffade00c956:   00 cc cc cc cc cc cc cc cc cc 8b 44 24 30 45 03
0x00007ffade00c966:   c9 44 2b 4c 24 28 83 c0 0b 44 03 ca 45 03 c8 41
0x00007ffade00c976:   03 c1 c3 cc cc cc cc cc cc cc 4c 8b ca 48 8b d1
0x00007ffade00c986:   45 8b 41 08 45 85 c0 7e 0e 41 f6 c0 01 75 56 41
0x00007ffade00c996:   c1 f8 03 41 8b c0 c3 79 4c 80 3d 59 aa b5 00 00
0x00007ffade00c9a6:   b8 0c 00 00 00 b9 10 00 00 00 0f 45 c8 8b 05 6b
0x00007ffade00c9b6:   f8 ae 00 ff c8 4c 63 c8 48 63 14 11 41 8b c8 83
0x00007ffade00c9c6:   e1 3f 48 d3 e2 41 8b c8 48 c1 f9 10 0f b6 c1 49
0x00007ffade00c9d6:   8d 0c 11 49 f7 d1 48 03 c1 49 c1 e9 03 48 c1 e8
0x00007ffade00c9e6:   03 41 23 c1 c3 49 8b 01 49 8b c9 48 ff a0 00 01
0x00007ffade00c9f6:   00 00 cc cc cc cc cc cc cc cc 48 8b 41 08 0f b7
0x00007ffade00ca06:   48 2a 0f b7 40 28 83 c0 48 03 c1 c3 cc cc cc cc
0x00007ffade00ca16:   cc cc cc cc cc cc cc cc cc cc 48 89 5c 24 08 57
0x00007ffade00ca26:   48 83 ec 20 0f b6 05 3f 87 b9 00 48 8b fa 48 8b
0x00007ffade00ca36:   d9 84 c0 74 4f 48 85 15 26 7f b9 00 74 38 48 8b
0x00007ffade00ca46:   ca e8 c4 5b 85 00 48 8b d0 48 85 db 74 25 48 85
0x00007ffade00ca56:   c0 74 20 48 8b c7 f0 48 0f b1 13 74 16 48 85 05
0x00007ffade00ca66:   fe 7e b9 00 74 0d 48 8b c8 f0 48 0f b1 13 48 3b
0x00007ffade00ca76:   c1 75 ea 48 8b fa 48 8b c7 48 8b 5c 24 30 48 83 


Stack slot to memory mapping:
stack at sp + 0 slots: 0x00007ffade2d5288 jvm.dll
stack at sp + 1 slots: 0x0000026e79a5d3f0 points into unknown readable memory: 0x00007ffade9505c8 | c8 05 95 de fa 7f 00 00
stack at sp + 2 slots: 0x000000c60ebffd30 points into unknown readable memory: 0x00007ffade9505e8 | e8 05 95 de fa 7f 00 00
stack at sp + 3 slots: 0x0000000100041de8 is pointing into metadata
stack at sp + 4 slots: 0x000000c60ebffd30 points into unknown readable memory: 0x00007ffade9505e8 | e8 05 95 de fa 7f 00 00
stack at sp + 5 slots: 0x00000000c1567f50 points into unknown readable memory: 0x0000000000000000 | 00 00 00 00 00 00 00 00
stack at sp + 6 slots: 0x00007ffade2d4f0f jvm.dll
stack at sp + 7 slots: 0x0000026e79a5d3f0 points into unknown readable memory: 0x00007ffade9505c8 | c8 05 95 de fa 7f 00 00


---------------  P R O C E S S  ---------------

Threads class SMR info:
_java_thread_list=0x0000026e08f1a380, length=37, elements={
0x0000026e0482a380, 0x0000026e0482b5e0, 0x0000026e0486d9b0, 0x0000026e0486e270,
0x0000026e05402830, 0x0000026e05402d00, 0x0000026e054035c0, 0x0000026e05407220,
0x0000026e05621e10, 0x0000026e05633050, 0x0000026e069b6740, 0x0000026e06a61030,
0x0000026e06ab4d50, 0x0000026e05acf730, 0x0000026e7790c7f0, 0x0000026e06310230,
0x0000026e05ee2b30, 0x0000026e06bf2a40, 0x0000026e06bed3a0, 0x0000026e06bf03c0,
0x0000026e06bec060, 0x0000026e06beced0, 0x0000026e06bf0890, 0x0000026e06befef0,
0x0000026e06bf38b0, 0x0000026e06bf33e0, 0x0000026e06bee6e0, 0x0000026e06beca00,
0x0000026e06bef550, 0x0000026e06bee210, 0x0000026e06bf1230, 0x0000026e06bef080,
0x0000026e09aedaf0, 0x0000026e09aee960, 0x0000026e09ae92c0, 0x0000026e09aee490,
0x0000026e09aeee30
}

Java Threads: ( => current thread )
  0x0000026e0482a380 JavaThread "Reference Handler" daemon [_thread_blocked, id=19140, stack(0x000000c60ef00000,0x000000c60f000000)]
  0x0000026e0482b5e0 JavaThread "Finalizer" daemon [_thread_blocked, id=17312, stack(0x000000c60f000000,0x000000c60f100000)]
  0x0000026e0486d9b0 JavaThread "Signal Dispatcher" daemon [_thread_blocked, id=22824, stack(0x000000c60f100000,0x000000c60f200000)]
  0x0000026e0486e270 JavaThread "Attach Listener" daemon [_thread_blocked, id=10764, stack(0x000000c60f200000,0x000000c60f300000)]
  0x0000026e05402830 JavaThread "Service Thread" daemon [_thread_blocked, id=5864, stack(0x000000c60f300000,0x000000c60f400000)]
  0x0000026e05402d00 JavaThread "Monitor Deflation Thread" daemon [_thread_blocked, id=20776, stack(0x000000c60f400000,0x000000c60f500000)]
  0x0000026e054035c0 JavaThread "C1 CompilerThread0" daemon [_thread_blocked, id=22888, stack(0x000000c60f500000,0x000000c60f600000)]
  0x0000026e05407220 JavaThread "Sweeper thread" daemon [_thread_blocked, id=16348, stack(0x000000c60f600000,0x000000c60f700000)]
  0x0000026e05621e10 JavaThread "Notification Thread" daemon [_thread_blocked, id=4596, stack(0x000000c60f800000,0x000000c60f900000)]
  0x0000026e05633050 JavaThread "Common-Cleaner" daemon [_thread_blocked, id=8036, stack(0x000000c60fa00000,0x000000c60fb00000)]
  0x0000026e069b6740 JavaThread "boundedElastic-evictor-1" daemon [_thread_blocked, id=16268, stack(0x000000c610500000,0x000000c610600000)]
  0x0000026e06a61030 JavaThread "boundedElastic-evictor-2" daemon [_thread_blocked, id=19296, stack(0x000000c610600000,0x000000c610700000)]
  0x0000026e06ab4d50 JavaThread "pool-10-thread-1" [_thread_blocked, id=16992, stack(0x000000c610700000,0x000000c610800000)]
  0x0000026e05acf730 JavaThread "LanguageServerApp-lifecycle" [_thread_blocked, id=7612, stack(0x000000c610800000,0x000000c610900000)]
  0x0000026e7790c7f0 JavaThread "DestroyJavaVM" [_thread_blocked, id=22928, stack(0x000000c60e800000,0x000000c60e900000)]
  0x0000026e06310230 JavaThread "pool-11-thread-1" [_thread_in_native, id=4028, stack(0x000000c610900000,0x000000c610a00000)]
  0x0000026e05ee2b30 JavaThread "Simple-Language-Server main thread" daemon [_thread_blocked, id=17864, stack(0x000000c610a00000,0x000000c610b00000)]
  0x0000026e06bf2a40 JavaThread "parallel-1" daemon [_thread_blocked, id=11056, stack(0x000000c611a00000,0x000000c611b00000)]
  0x0000026e06bed3a0 JavaThread "parallel-2" daemon [_thread_blocked, id=6592, stack(0x000000c611b00000,0x000000c611c00000)]
  0x0000026e06bf03c0 JavaThread "pool-4-thread-1" [_thread_blocked, id=6036, stack(0x000000c610300000,0x000000c610400000)]
  0x0000026e06bec060 JavaThread "parallel-3" daemon [_thread_blocked, id=21572, stack(0x000000c611d00000,0x000000c611e00000)]
  0x0000026e06beced0 JavaThread "parallel-4" daemon [_thread_blocked, id=10416, stack(0x000000c611f00000,0x000000c612000000)]
  0x0000026e06bf0890 JavaThread "parallel-5" daemon [_thread_blocked, id=2936, stack(0x000000c610d00000,0x000000c610e00000)]
  0x0000026e06befef0 JavaThread "parallel-6" daemon [_thread_blocked, id=22792, stack(0x000000c610e00000,0x000000c610f00000)]
  0x0000026e06bf38b0 JavaThread "parallel-7" daemon [_thread_blocked, id=21512, stack(0x000000c60e600000,0x000000c60e700000)]
  0x0000026e06bf33e0 JavaThread "Reconciler-1" daemon [_thread_blocked, id=15984, stack(0x000000c610b00000,0x000000c610c00000)]
  0x0000026e06bee6e0 JavaThread "parallel-8" daemon [_thread_blocked, id=14140, stack(0x000000c611100000,0x000000c611200000)]
  0x0000026e06beca00 JavaThread "pool-6-thread-1" [_thread_blocked, id=17224, stack(0x000000c60e700000,0x000000c60e800000)]
  0x0000026e06bef550 JavaThread "ForkJoinPool.commonPool-worker-4" daemon [_thread_blocked, id=1712, stack(0x000000c611300000,0x000000c611400000)]
  0x0000026e06bee210 JavaThread "ForkJoinPool.commonPool-worker-7" daemon [_thread_blocked, id=6620, stack(0x000000c611000000,0x000000c611100000)]
  0x0000026e06bf1230 JavaThread "ForkJoinPool.commonPool-worker-9" daemon [_thread_blocked, id=14528, stack(0x000000c611600000,0x000000c611700000)]
  0x0000026e06bef080 JavaThread "ForkJoinPool.commonPool-worker-10" daemon [_thread_blocked, id=8640, stack(0x000000c611700000,0x000000c611800000)]
  0x0000026e09aedaf0 JavaThread "ForkJoinPool.commonPool-worker-14" daemon [_thread_in_Java, id=8884, stack(0x000000c611900000,0x000000c611a00000)]
  0x0000026e09aee960 JavaThread "pool-3-thread-19" [_thread_blocked, id=8880, stack(0x000000c60f700000,0x000000c60f800000)]
  0x0000026e09ae92c0 JavaThread "pool-2-thread-7" [_thread_blocked, id=18540, stack(0x000000c610f00000,0x000000c611000000)]
  0x0000026e09aee490 JavaThread "Project-Reconciler-5" daemon [_thread_blocked, id=14980, stack(0x000000c611200000,0x000000c611300000)]
  0x0000026e09aeee30 JavaThread "Project-Reconciler-6" daemon [_thread_in_Java, id=12400, stack(0x000000c611400000,0x000000c611500000)]

Other Threads:
  0x0000026e04814700 VMThread "VM Thread" [stack: 0x000000c60ee00000,0x000000c60ef00000] [id=20984]
  0x0000026e056242f0 WatcherThread [stack: 0x000000c60f900000,0x000000c60fa00000] [id=22268]
  0x0000026e79a510d0 GCTaskThread "GC Thread#0" [stack: 0x000000c60e900000,0x000000c60ea00000] [id=16316]
  0x0000026e05fa2610 GCTaskThread "GC Thread#1" [stack: 0x000000c60fb00000,0x000000c60fc00000] [id=15584]
  0x0000026e05fa28c0 GCTaskThread "GC Thread#2" [stack: 0x000000c60fc00000,0x000000c60fd00000] [id=21632]
  0x0000026e0608cc20 GCTaskThread "GC Thread#3" [stack: 0x000000c60fd00000,0x000000c60fe00000] [id=3292]
  0x0000026e0608ced0 GCTaskThread "GC Thread#4" [stack: 0x000000c60fe00000,0x000000c60ff00000] [id=19812]
  0x0000026e062b7380 GCTaskThread "GC Thread#5" [stack: 0x000000c610000000,0x000000c610100000] [id=21576]
  0x0000026e062b7a40 GCTaskThread "GC Thread#6" [stack: 0x000000c610100000,0x000000c610200000] [id=21896]
  0x0000026e062b7cf0 GCTaskThread "GC Thread#7" [stack: 0x000000c610200000,0x000000c610300000] [id=22444]
  0x0000026e79a59f20 ConcurrentGCThread "G1 Main Marker" [stack: 0x000000c60ea00000,0x000000c60eb00000] [id=19320]
=>0x0000026e79a5a840 ConcurrentGCThread "G1 Conc#0" [stack: 0x000000c60eb00000,0x000000c60ec00000] [id=23008]
  0x0000026e06495890 ConcurrentGCThread "G1 Conc#1" [stack: 0x000000c610400000,0x000000c610500000] [id=23100]
  0x0000026e79ac1c40 ConcurrentGCThread "G1 Refine#0" [stack: 0x000000c60ec00000,0x000000c60ed00000] [id=15868]
  0x0000026e06d02c60 ConcurrentGCThread "G1 Refine#1" [stack: 0x000000c611c00000,0x000000c611d00000] [id=17784]
  0x0000026e08ff6cd0 ConcurrentGCThread "G1 Refine#2" [stack: 0x000000c60ff00000,0x000000c610000000] [id=4232]
  0x0000026e0910d050 ConcurrentGCThread "G1 Refine#3" [stack: 0x000000c612000000,0x000000c612100000] [id=17880]
  0x0000026e09224cf0 ConcurrentGCThread "G1 Refine#4" [stack: 0x000000c612100000,0x000000c612200000] [id=4796]
  0x0000026e05621660 ConcurrentGCThread "G1 Refine#5" [stack: 0x000000c610c00000,0x000000c610d00000] [id=4308]
  0x0000026e79ac2410 ConcurrentGCThread "G1 Service" [stack: 0x000000c60ed00000,0x000000c60ee00000] [id=15508]

Threads with active compile tasks:

VM state: not at safepoint (normal execution)

VM Mutex/Monitor currently owned by a thread: None

Heap address: 0x00000000c0000000, size: 1024 MB, Compressed Oops mode: 32-bit

CDS archive(s) not mapped
Compressed class space mapped at: 0x0000000100000000-0x0000000140000000, reserved size: 1073741824
Narrow klass base: 0x0000000000000000, Narrow klass shift: 3, Narrow klass range: 0x140000000

GC Precious Log:
 CPUs: 8 total, 8 available
 Memory: 7957M
 Large Page Support: Disabled
 NUMA Support: Disabled
 Compressed Oops: Enabled (32-bit)
 Heap Region Size: 1M
 Heap Min Capacity: 8M
 Heap Initial Capacity: 126M
 Heap Max Capacity: 1G
 Pre-touch: Disabled
 Parallel Workers: 8
 Concurrent Workers: 2
 Concurrent Refinement Workers: 8
 Periodic GC: Disabled

Heap:
 garbage-first heap   total 237568K, used 155554K [0x00000000c0000000, 0x0000000100000000)
  region size 1024K, 34 young (34816K), 10 survivors (10240K)
 Metaspace       used 70046K, committed 70528K, reserved 1114112K
  class space    used 9470K, committed 9728K, reserved 1048576K

Heap Regions: E=young(eden), S=young(survivor), O=old, HS=humongous(starts), HC=humongous(continues), CS=collection set, F=free, OA=open archive, CA=closed archive, TAMS=top-at-mark-start (previous, next)
|   0|0x00000000c0000000, 0x00000000c00fffb8, 0x00000000c0100000| 99%| O|  |TAMS 0x00000000c00fffb8, 0x00000000c00fffb8| Untracked 
|   1|0x00000000c0100000, 0x00000000c01fffc8, 0x00000000c0200000| 99%| O|  |TAMS 0x00000000c01fffc8, 0x00000000c01fffc8| Untracked 
|   2|0x00000000c0200000, 0x00000000c0300000, 0x00000000c0300000|100%| O|  |TAMS 0x00000000c0300000, 0x00000000c0300000| Untracked 
|   3|0x00000000c0300000, 0x00000000c0400000, 0x00000000c0400000|100%| O|  |TAMS 0x00000000c0400000, 0x00000000c0400000| Untracked 
|   4|0x00000000c0400000, 0x00000000c04ffff0, 0x00000000c0500000| 99%| O|  |TAMS 0x00000000c04ffff0, 0x00000000c04ffff0| Untracked 
|   5|0x00000000c0500000, 0x00000000c05ffff8, 0x00000000c0600000| 99%| O|  |TAMS 0x00000000c05ffff8, 0x00000000c05ffff8| Untracked 
|   6|0x00000000c0600000, 0x00000000c0700000, 0x00000000c0700000|100%| O|  |TAMS 0x00000000c0700000, 0x00000000c0700000| Untracked 
|   7|0x00000000c0700000, 0x00000000c07ffff0, 0x00000000c0800000| 99%| O|  |TAMS 0x00000000c07ffff0, 0x00000000c07ffff0| Untracked 
|   8|0x00000000c0800000, 0x00000000c08ffff8, 0x00000000c0900000| 99%| O|  |TAMS 0x00000000c08ffff8, 0x00000000c08ffff8| Untracked 
|   9|0x00000000c0900000, 0x00000000c09ffff0, 0x00000000c0a00000| 99%| O|  |TAMS 0x00000000c09ffff0, 0x00000000c09ffff0| Untracked 
|  10|0x00000000c0a00000, 0x00000000c0affff0, 0x00000000c0b00000| 99%| O|  |TAMS 0x00000000c0affff0, 0x00000000c0affff0| Untracked 
|  11|0x00000000c0b00000, 0x00000000c0bffff8, 0x00000000c0c00000| 99%| O|  |TAMS 0x00000000c0bffff8, 0x00000000c0bffff8| Untracked 
|  12|0x00000000c0c00000, 0x00000000c0cfffe8, 0x00000000c0d00000| 99%| O|  |TAMS 0x00000000c0cfffe8, 0x00000000c0cfffe8| Untracked 
|  13|0x00000000c0d00000, 0x00000000c0dfffc0, 0x00000000c0e00000| 99%| O|  |TAMS 0x00000000c0dfffc0, 0x00000000c0dfffc0| Untracked 
|  14|0x00000000c0e00000, 0x00000000c0f00000, 0x00000000c0f00000|100%| O|  |TAMS 0x00000000c0f00000, 0x00000000c0f00000| Untracked 
|  15|0x00000000c0f00000, 0x00000000c0ffffd8, 0x00000000c1000000| 99%| O|  |TAMS 0x00000000c0ffffd8, 0x00000000c0ffffd8| Untracked 
|  16|0x00000000c1000000, 0x00000000c10fff18, 0x00000000c1100000| 99%| O|  |TAMS 0x00000000c10fff18, 0x00000000c10fff18| Untracked 
|  17|0x00000000c1100000, 0x00000000c11fffd0, 0x00000000c1200000| 99%| O|  |TAMS 0x00000000c11fffd0, 0x00000000c11fffd0| Untracked 
|  18|0x00000000c1200000, 0x00000000c12f69c0, 0x00000000c1300000| 96%| O|  |TAMS 0x00000000c12f69c0, 0x00000000c12f69c0| Untracked 
|  19|0x00000000c1300000, 0x00000000c13fffd8, 0x00000000c1400000| 99%| O|  |TAMS 0x00000000c13fffd8, 0x00000000c13fffd8| Untracked 
|  20|0x00000000c1400000, 0x00000000c14fffe0, 0x00000000c1500000| 99%| O|  |TAMS 0x00000000c14fffe0, 0x00000000c14fffe0| Untracked 
|  21|0x00000000c1500000, 0x00000000c15fefc8, 0x00000000c1600000| 99%| O|  |TAMS 0x00000000c15fefc8, 0x00000000c15fefc8| Untracked 
|  22|0x00000000c1600000, 0x00000000c16f5518, 0x00000000c1700000| 95%| O|  |TAMS 0x00000000c16f5518, 0x00000000c16f5518| Untracked 
|  23|0x00000000c1700000, 0x00000000c17fffe8, 0x00000000c1800000| 99%| O|  |TAMS 0x00000000c17fffe8, 0x00000000c17fffe8| Untracked 
|  24|0x00000000c1800000, 0x00000000c18fffb0, 0x00000000c1900000| 99%| O|  |TAMS 0x00000000c18fffb0, 0x00000000c18fffb0| Untracked 
|  25|0x00000000c1900000, 0x00000000c1a00000, 0x00000000c1a00000|100%| O|  |TAMS 0x00000000c1a00000, 0x00000000c1a00000| Untracked 
|  26|0x00000000c1a00000, 0x00000000c1affff8, 0x00000000c1b00000| 99%| O|  |TAMS 0x00000000c1affff8, 0x00000000c1affff8| Untracked 
|  27|0x00000000c1b00000, 0x00000000c1bfffc8, 0x00000000c1c00000| 99%| O|  |TAMS 0x00000000c1bfffc8, 0x00000000c1bfffc8| Untracked 
|  28|0x00000000c1c00000, 0x00000000c1cffff0, 0x00000000c1d00000| 99%| O|  |TAMS 0x00000000c1cffff0, 0x00000000c1cffff0| Untracked 
|  29|0x00000000c1d00000, 0x00000000c1df9af0, 0x00000000c1e00000| 97%| O|  |TAMS 0x00000000c1df9af0, 0x00000000c1df9af0| Untracked 
|  30|0x00000000c1e00000, 0x00000000c1effca8, 0x00000000c1f00000| 99%| O|  |TAMS 0x00000000c1effca8, 0x00000000c1effca8| Untracked 
|  31|0x00000000c1f00000, 0x00000000c1fffff8, 0x00000000c2000000| 99%| O|  |TAMS 0x00000000c1fffff8, 0x00000000c1fffff8| Untracked 
|  32|0x00000000c2000000, 0x00000000c20fff60, 0x00000000c2100000| 99%| O|  |TAMS 0x00000000c20fff60, 0x00000000c20fff60| Untracked 
|  33|0x00000000c2100000, 0x00000000c21fffc8, 0x00000000c2200000| 99%| O|  |TAMS 0x00000000c21fffc8, 0x00000000c21fffc8| Untracked 
|  34|0x00000000c2200000, 0x00000000c22ffff0, 0x00000000c2300000| 99%| O|  |TAMS 0x00000000c22ffff0, 0x00000000c22ffff0| Untracked 
|  35|0x00000000c2300000, 0x00000000c2400000, 0x00000000c2400000|100%| O|  |TAMS 0x00000000c2400000, 0x00000000c2400000| Untracked 
|  36|0x00000000c2400000, 0x00000000c2500000, 0x00000000c2500000|100%| O|  |TAMS 0x00000000c2500000, 0x00000000c2500000| Untracked 
|  37|0x00000000c2500000, 0x00000000c25fffa0, 0x00000000c2600000| 99%| O|  |TAMS 0x00000000c25fffa0, 0x00000000c25fffa0| Untracked 
|  38|0x00000000c2600000, 0x00000000c26ffff0, 0x00000000c2700000| 99%| O|  |TAMS 0x00000000c26ffff0, 0x00000000c26ffff0| Untracked 
|  39|0x00000000c2700000, 0x00000000c2800000, 0x00000000c2800000|100%| O|  |TAMS 0x00000000c2800000, 0x00000000c2800000| Untracked 
|  40|0x00000000c2800000, 0x00000000c28fffe0, 0x00000000c2900000| 99%| O|  |TAMS 0x00000000c28fffe0, 0x00000000c28fffe0| Untracked 
|  41|0x00000000c2900000, 0x00000000c29fffe8, 0x00000000c2a00000| 99%| O|  |TAMS 0x00000000c29fffe8, 0x00000000c29fffe8| Untracked 
|  42|0x00000000c2a00000, 0x00000000c2b00000, 0x00000000c2b00000|100%| O|  |TAMS 0x00000000c2b00000, 0x00000000c2b00000| Untracked 
|  43|0x00000000c2b00000, 0x00000000c2bffff8, 0x00000000c2c00000| 99%| O|  |TAMS 0x00000000c2bffff8, 0x00000000c2bffff8| Untracked 
|  44|0x00000000c2c00000, 0x00000000c2cffff0, 0x00000000c2d00000| 99%| O|  |TAMS 0x00000000c2cffff0, 0x00000000c2cffff0| Untracked 
|  45|0x00000000c2d00000, 0x00000000c2e00000, 0x00000000c2e00000|100%| O|  |TAMS 0x00000000c2e00000, 0x00000000c2e00000| Untracked 
|  46|0x00000000c2e00000, 0x00000000c2f00000, 0x00000000c2f00000|100%| O|  |TAMS 0x00000000c2f00000, 0x00000000c2f00000| Untracked 
|  47|0x00000000c2f00000, 0x00000000c2ffffd0, 0x00000000c3000000| 99%| O|  |TAMS 0x00000000c2ffffd0, 0x00000000c2ffffd0| Untracked 
|  48|0x00000000c3000000, 0x00000000c30ffff0, 0x00000000c3100000| 99%| O|  |TAMS 0x00000000c30ffff0, 0x00000000c30ffff0| Untracked 
|  49|0x00000000c3100000, 0x00000000c31ffff0, 0x00000000c3200000| 99%| O|  |TAMS 0x00000000c31ffff0, 0x00000000c31ffff0| Untracked 
|  50|0x00000000c3200000, 0x00000000c32fffd8, 0x00000000c3300000| 99%| O|  |TAMS 0x00000000c32fffd8, 0x00000000c32fffd8| Untracked 
|  51|0x00000000c3300000, 0x00000000c33ffff0, 0x00000000c3400000| 99%| O|  |TAMS 0x00000000c33ffff0, 0x00000000c33ffff0| Untracked 
|  52|0x00000000c3400000, 0x00000000c34ffff8, 0x00000000c3500000| 99%| O|  |TAMS 0x00000000c34ffff8, 0x00000000c34ffff8| Untracked 
|  53|0x00000000c3500000, 0x00000000c35fffe8, 0x00000000c3600000| 99%| O|  |TAMS 0x00000000c35fffe8, 0x00000000c35fffe8| Untracked 
|  54|0x00000000c3600000, 0x00000000c3700000, 0x00000000c3700000|100%| O|  |TAMS 0x00000000c3700000, 0x00000000c3700000| Untracked 
|  55|0x00000000c3700000, 0x00000000c37fffb8, 0x00000000c3800000| 99%| O|  |TAMS 0x00000000c37fffb8, 0x00000000c37fffb8| Untracked 
|  56|0x00000000c3800000, 0x00000000c38d6cd0, 0x00000000c3900000| 83%| O|  |TAMS 0x00000000c3800000, 0x00000000c38d6cd0| Untracked 
|  57|0x00000000c3900000, 0x00000000c39ffff8, 0x00000000c3a00000| 99%| O|  |TAMS 0x00000000c39ffff8, 0x00000000c39ffff8| Untracked 
|  58|0x00000000c3a00000, 0x00000000c3b00000, 0x00000000c3b00000|100%|HS|  |TAMS 0x00000000c3b00000, 0x00000000c3b00000| Untracked 
|  59|0x00000000c3b00000, 0x00000000c3c00000, 0x00000000c3c00000|100%|HC|  |TAMS 0x00000000c3c00000, 0x00000000c3c00000| Untracked 
|  60|0x00000000c3c00000, 0x00000000c3d00000, 0x00000000c3d00000|100%|HC|  |TAMS 0x00000000c3d00000, 0x00000000c3d00000| Untracked 
|  61|0x00000000c3d00000, 0x00000000c3dffff0, 0x00000000c3e00000| 99%| O|  |TAMS 0x00000000c3dffff0, 0x00000000c3dffff0| Untracked 
|  62|0x00000000c3e00000, 0x00000000c3ef0740, 0x00000000c3f00000| 93%| O|  |TAMS 0x00000000c3e00000, 0x00000000c3ef0740| Untracked 
|  63|0x00000000c3f00000, 0x00000000c3fffff8, 0x00000000c4000000| 99%| O|  |TAMS 0x00000000c3fffff8, 0x00000000c3fffff8| Untracked 
|  64|0x00000000c4000000, 0x00000000c40e2c40, 0x00000000c4100000| 88%| O|  |TAMS 0x00000000c4000000, 0x00000000c40e2c40| Untracked 
|  65|0x00000000c4100000, 0x00000000c4161140, 0x00000000c4200000| 37%| O|  |TAMS 0x00000000c4100000, 0x00000000c4161140| Untracked 
|  66|0x00000000c4200000, 0x00000000c4300000, 0x00000000c4300000|100%| O|  |TAMS 0x00000000c4200000, 0x00000000c4200000| Untracked 
|  67|0x00000000c4300000, 0x00000000c4400000, 0x00000000c4400000|100%| O|  |TAMS 0x00000000c4300000, 0x00000000c4400000| Untracked 
|  68|0x00000000c4400000, 0x00000000c4500000, 0x00000000c4500000|100%| O|  |TAMS 0x00000000c4500000, 0x00000000c4500000| Untracked 
|  69|0x00000000c4500000, 0x00000000c4600000, 0x00000000c4600000|100%| O|  |TAMS 0x00000000c4600000, 0x00000000c4600000| Untracked 
|  70|0x00000000c4600000, 0x00000000c4700000, 0x00000000c4700000|100%| O|  |TAMS 0x00000000c4700000, 0x00000000c4700000| Untracked 
|  71|0x00000000c4700000, 0x00000000c4800000, 0x00000000c4800000|100%| O|  |TAMS 0x00000000c4800000, 0x00000000c4800000| Untracked 
|  72|0x00000000c4800000, 0x00000000c4900000, 0x00000000c4900000|100%| O|  |TAMS 0x00000000c4900000, 0x00000000c4900000| Untracked 
|  73|0x00000000c4900000, 0x00000000c4a00000, 0x00000000c4a00000|100%| O|  |TAMS 0x00000000c4a00000, 0x00000000c4a00000| Untracked 
|  74|0x00000000c4a00000, 0x00000000c4b00000, 0x00000000c4b00000|100%| O|  |TAMS 0x00000000c4a00000, 0x00000000c4b00000| Untracked 
|  75|0x00000000c4b00000, 0x00000000c4c00000, 0x00000000c4c00000|100%| O|  |TAMS 0x00000000c4b00000, 0x00000000c4c00000| Untracked 
|  76|0x00000000c4c00000, 0x00000000c4d00000, 0x00000000c4d00000|100%| O|  |TAMS 0x00000000c4c00000, 0x00000000c4d00000| Untracked 
|  77|0x00000000c4d00000, 0x00000000c4e00000, 0x00000000c4e00000|100%| O|  |TAMS 0x00000000c4d00000, 0x00000000c4e00000| Untracked 
|  78|0x00000000c4e00000, 0x00000000c4f00000, 0x00000000c4f00000|100%| O|  |TAMS 0x00000000c4e00000, 0x00000000c4f00000| Untracked 
|  79|0x00000000c4f00000, 0x00000000c5000000, 0x00000000c5000000|100%| O|  |TAMS 0x00000000c4f00000, 0x00000000c5000000| Untracked 
|  80|0x00000000c5000000, 0x00000000c5100000, 0x00000000c5100000|100%| O|  |TAMS 0x00000000c5000000, 0x00000000c5100000| Untracked 
|  81|0x00000000c5100000, 0x00000000c5200000, 0x00000000c5200000|100%| O|  |TAMS 0x00000000c5100000, 0x00000000c5200000| Untracked 
|  82|0x00000000c5200000, 0x00000000c5300000, 0x00000000c5300000|100%| O|  |TAMS 0x00000000c5200000, 0x00000000c5300000| Untracked 
|  83|0x00000000c5300000, 0x00000000c5400000, 0x00000000c5400000|100%| O|  |TAMS 0x00000000c5300000, 0x00000000c5400000| Untracked 
|  84|0x00000000c5400000, 0x00000000c5500000, 0x00000000c5500000|100%| O|  |TAMS 0x00000000c5400000, 0x00000000c5400000| Untracked 
|  85|0x00000000c5500000, 0x00000000c5600000, 0x00000000c5600000|100%|HS|  |TAMS 0x00000000c5500000, 0x00000000c5600000| Complete 
|  86|0x00000000c5600000, 0x00000000c5700000, 0x00000000c5700000|100%|HC|  |TAMS 0x00000000c5600000, 0x00000000c5700000| Complete 
|  87|0x00000000c5700000, 0x00000000c5800000, 0x00000000c5800000|100%|HS|  |TAMS 0x00000000c5700000, 0x00000000c5800000| Complete 
|  88|0x00000000c5800000, 0x00000000c5900000, 0x00000000c5900000|100%|HC|  |TAMS 0x00000000c5800000, 0x00000000c5900000| Complete 
|  89|0x00000000c5900000, 0x00000000c5a00000, 0x00000000c5a00000|100%| O|  |TAMS 0x00000000c5900000, 0x00000000c5a00000| Untracked 
|  90|0x00000000c5a00000, 0x00000000c5b00000, 0x00000000c5b00000|100%| O|  |TAMS 0x00000000c5a00000, 0x00000000c5b00000| Untracked 
|  91|0x00000000c5b00000, 0x00000000c5c00000, 0x00000000c5c00000|100%| O|  |TAMS 0x00000000c5b00000, 0x00000000c5c00000| Untracked 
|  92|0x00000000c5c00000, 0x00000000c5d00000, 0x00000000c5d00000|100%| O|  |TAMS 0x00000000c5c00000, 0x00000000c5d00000| Untracked 
|  93|0x00000000c5d00000, 0x00000000c5e00000, 0x00000000c5e00000|100%| O|  |TAMS 0x00000000c5d00000, 0x00000000c5e00000| Untracked 
|  94|0x00000000c5e00000, 0x00000000c5f00000, 0x00000000c5f00000|100%| O|  |TAMS 0x00000000c5e00000, 0x00000000c5f00000| Untracked 
|  95|0x00000000c5f00000, 0x00000000c6000000, 0x00000000c6000000|100%| O|  |TAMS 0x00000000c5f00000, 0x00000000c6000000| Untracked 
|  96|0x00000000c6000000, 0x00000000c6100000, 0x00000000c6100000|100%| O|  |TAMS 0x00000000c6000000, 0x00000000c6100000| Untracked 
|  97|0x00000000c6100000, 0x00000000c6200000, 0x00000000c6200000|100%| O|  |TAMS 0x00000000c6100000, 0x00000000c6200000| Untracked 
|  98|0x00000000c6200000, 0x00000000c6300000, 0x00000000c6300000|100%| O|  |TAMS 0x00000000c6200000, 0x00000000c6300000| Untracked 
|  99|0x00000000c6300000, 0x00000000c6400000, 0x00000000c6400000|100%| O|  |TAMS 0x00000000c6300000, 0x00000000c6400000| Untracked 
| 100|0x00000000c6400000, 0x00000000c6500000, 0x00000000c6500000|100%| O|  |TAMS 0x00000000c6400000, 0x00000000c6500000| Untracked 
| 101|0x00000000c6500000, 0x00000000c6600000, 0x00000000c6600000|100%| O|  |TAMS 0x00000000c6500000, 0x00000000c6500000| Untracked 
| 102|0x00000000c6600000, 0x00000000c6700000, 0x00000000c6700000|100%| O|  |TAMS 0x00000000c6600000, 0x00000000c6600000| Untracked 
| 103|0x00000000c6700000, 0x00000000c6800000, 0x00000000c6800000|100%| O|  |TAMS 0x00000000c6700000, 0x00000000c6700000| Untracked 
| 104|0x00000000c6800000, 0x00000000c6900000, 0x00000000c6900000|100%| O|  |TAMS 0x00000000c6800000, 0x00000000c6800000| Untracked 
| 105|0x00000000c6900000, 0x00000000c6a00000, 0x00000000c6a00000|100%| O|  |TAMS 0x00000000c6900000, 0x00000000c6900000| Untracked 
| 106|0x00000000c6a00000, 0x00000000c6b00000, 0x00000000c6b00000|100%| O|  |TAMS 0x00000000c6a00000, 0x00000000c6a00000| Untracked 
| 107|0x00000000c6b00000, 0x00000000c6c00000, 0x00000000c6c00000|100%| O|  |TAMS 0x00000000c6b00000, 0x00000000c6b00000| Untracked 
| 108|0x00000000c6c00000, 0x00000000c6d00000, 0x00000000c6d00000|100%| O|  |TAMS 0x00000000c6c00000, 0x00000000c6c00000| Untracked 
| 109|0x00000000c6d00000, 0x00000000c6e00000, 0x00000000c6e00000|100%| O|  |TAMS 0x00000000c6e00000, 0x00000000c6e00000| Untracked 
| 110|0x00000000c6e00000, 0x00000000c6f00000, 0x00000000c6f00000|100%| O|  |TAMS 0x00000000c6f00000, 0x00000000c6f00000| Untracked 
| 111|0x00000000c6f00000, 0x00000000c7000000, 0x00000000c7000000|100%| O|  |TAMS 0x00000000c7000000, 0x00000000c7000000| Untracked 
| 112|0x00000000c7000000, 0x00000000c7100000, 0x00000000c7100000|100%| O|  |TAMS 0x00000000c7100000, 0x00000000c7100000| Untracked 
| 113|0x00000000c7100000, 0x00000000c7200000, 0x00000000c7200000|100%| O|  |TAMS 0x00000000c7100000, 0x00000000c7100000| Untracked 
| 114|0x00000000c7200000, 0x00000000c7300000, 0x00000000c7300000|100%| O|  |TAMS 0x00000000c7200000, 0x00000000c7200000| Untracked 
| 115|0x00000000c7300000, 0x00000000c73f9800, 0x00000000c7400000| 97%| O|  |TAMS 0x00000000c7300000, 0x00000000c7300000| Untracked 
| 116|0x00000000c7400000, 0x00000000c7400000, 0x00000000c7500000|  0%| F|  |TAMS 0x00000000c7400000, 0x00000000c7400000| Untracked 
| 117|0x00000000c7500000, 0x00000000c7500000, 0x00000000c7600000|  0%| F|  |TAMS 0x00000000c7500000, 0x00000000c7500000| Untracked 
| 118|0x00000000c7600000, 0x00000000c7600000, 0x00000000c7700000|  0%| F|  |TAMS 0x00000000c7600000, 0x00000000c7600000| Untracked 
| 119|0x00000000c7700000, 0x00000000c7800000, 0x00000000c7800000|100%| O|  |TAMS 0x00000000c7700000, 0x00000000c7800000| Untracked 
| 120|0x00000000c7800000, 0x00000000c7900000, 0x00000000c7900000|100%| O|  |TAMS 0x00000000c7800000, 0x00000000c7900000| Untracked 
| 121|0x00000000c7900000, 0x00000000c7a00000, 0x00000000c7a00000|100%| O|  |TAMS 0x00000000c7900000, 0x00000000c799fc00| Untracked 
| 122|0x00000000c7a00000, 0x00000000c7a00000, 0x00000000c7b00000|  0%| F|  |TAMS 0x00000000c7a00000, 0x00000000c7a00000| Untracked 
| 123|0x00000000c7b00000, 0x00000000c7b00000, 0x00000000c7c00000|  0%| F|  |TAMS 0x00000000c7b00000, 0x00000000c7b00000| Untracked 
| 124|0x00000000c7c00000, 0x00000000c7c00000, 0x00000000c7d00000|  0%| F|  |TAMS 0x00000000c7c00000, 0x00000000c7c00000| Untracked 
| 125|0x00000000c7d00000, 0x00000000c7d00000, 0x00000000c7e00000|  0%| F|  |TAMS 0x00000000c7d00000, 0x00000000c7d00000| Untracked 
| 126|0x00000000c7e00000, 0x00000000c7f00000, 0x00000000c7f00000|100%| O|  |TAMS 0x00000000c7f00000, 0x00000000c7f00000| Untracked 
| 127|0x00000000c7f00000, 0x00000000c7f00000, 0x00000000c8000000|  0%| F|  |TAMS 0x00000000c7f00000, 0x00000000c7f00000| Untracked 
| 128|0x00000000c8000000, 0x00000000c8000000, 0x00000000c8100000|  0%| F|  |TAMS 0x00000000c8000000, 0x00000000c8000000| Untracked 
| 129|0x00000000c8100000, 0x00000000c8100000, 0x00000000c8200000|  0%| F|  |TAMS 0x00000000c8100000, 0x00000000c8100000| Untracked 
| 130|0x00000000c8200000, 0x00000000c8200000, 0x00000000c8300000|  0%| F|  |TAMS 0x00000000c8200000, 0x00000000c8200000| Untracked 
| 131|0x00000000c8300000, 0x00000000c8300000, 0x00000000c8400000|  0%| F|  |TAMS 0x00000000c8300000, 0x00000000c8300000| Untracked 
| 132|0x00000000c8400000, 0x00000000c8400000, 0x00000000c8500000|  0%| F|  |TAMS 0x00000000c8400000, 0x00000000c8400000| Untracked 
| 133|0x00000000c8500000, 0x00000000c8500000, 0x00000000c8600000|  0%| F|  |TAMS 0x00000000c8500000, 0x00000000c8500000| Untracked 
| 134|0x00000000c8600000, 0x00000000c8600000, 0x00000000c8700000|  0%| F|  |TAMS 0x00000000c8600000, 0x00000000c8600000| Untracked 
| 135|0x00000000c8700000, 0x00000000c8700000, 0x00000000c8800000|  0%| F|  |TAMS 0x00000000c8700000, 0x00000000c8700000| Untracked 
| 136|0x00000000c8800000, 0x00000000c8800000, 0x00000000c8900000|  0%| F|  |TAMS 0x00000000c8800000, 0x00000000c8800000| Untracked 
| 137|0x00000000c8900000, 0x00000000c8900000, 0x00000000c8a00000|  0%| F|  |TAMS 0x00000000c8900000, 0x00000000c8900000| Untracked 
| 138|0x00000000c8a00000, 0x00000000c8a00000, 0x00000000c8b00000|  0%| F|  |TAMS 0x00000000c8a00000, 0x00000000c8a00000| Untracked 
| 139|0x00000000c8b00000, 0x00000000c8b00000, 0x00000000c8c00000|  0%| F|  |TAMS 0x00000000c8b00000, 0x00000000c8b00000| Untracked 
| 140|0x00000000c8c00000, 0x00000000c8c00000, 0x00000000c8d00000|  0%| F|  |TAMS 0x00000000c8c00000, 0x00000000c8c00000| Untracked 
| 141|0x00000000c8d00000, 0x00000000c8d00000, 0x00000000c8e00000|  0%| F|  |TAMS 0x00000000c8d00000, 0x00000000c8d00000| Untracked 
| 142|0x00000000c8e00000, 0x00000000c8e00000, 0x00000000c8f00000|  0%| F|  |TAMS 0x00000000c8e00000, 0x00000000c8e00000| Untracked 
| 143|0x00000000c8f00000, 0x00000000c8f00000, 0x00000000c9000000|  0%| F|  |TAMS 0x00000000c8f00000, 0x00000000c8f00000| Untracked 
| 144|0x00000000c9000000, 0x00000000c9000000, 0x00000000c9100000|  0%| F|  |TAMS 0x00000000c9000000, 0x00000000c9000000| Untracked 
| 145|0x00000000c9100000, 0x00000000c9100000, 0x00000000c9200000|  0%| F|  |TAMS 0x00000000c9100000, 0x00000000c9100000| Untracked 
| 146|0x00000000c9200000, 0x00000000c9200000, 0x00000000c9300000|  0%| F|  |TAMS 0x00000000c9200000, 0x00000000c9200000| Untracked 
| 147|0x00000000c9300000, 0x00000000c9300000, 0x00000000c9400000|  0%| F|  |TAMS 0x00000000c9300000, 0x00000000c9300000| Untracked 
| 148|0x00000000c9400000, 0x00000000c9400000, 0x00000000c9500000|  0%| F|  |TAMS 0x00000000c9400000, 0x00000000c9400000| Untracked 
| 149|0x00000000c9500000, 0x00000000c9500000, 0x00000000c9600000|  0%| F|  |TAMS 0x00000000c9500000, 0x00000000c9500000| Untracked 
| 150|0x00000000c9600000, 0x00000000c9600000, 0x00000000c9700000|  0%| F|  |TAMS 0x00000000c9600000, 0x00000000c9600000| Untracked 
| 151|0x00000000c9700000, 0x00000000c9700000, 0x00000000c9800000|  0%| F|  |TAMS 0x00000000c9700000, 0x00000000c9700000| Untracked 
| 152|0x00000000c9800000, 0x00000000c9800000, 0x00000000c9900000|  0%| F|  |TAMS 0x00000000c9800000, 0x00000000c9800000| Untracked 
| 153|0x00000000c9900000, 0x00000000c9900000, 0x00000000c9a00000|  0%| F|  |TAMS 0x00000000c9900000, 0x00000000c9900000| Untracked 
| 154|0x00000000c9a00000, 0x00000000c9a00000, 0x00000000c9b00000|  0%| F|  |TAMS 0x00000000c9a00000, 0x00000000c9a00000| Untracked 
| 155|0x00000000c9b00000, 0x00000000c9b00000, 0x00000000c9c00000|  0%| F|  |TAMS 0x00000000c9b00000, 0x00000000c9b00000| Untracked 
| 156|0x00000000c9c00000, 0x00000000c9c00000, 0x00000000c9d00000|  0%| F|  |TAMS 0x00000000c9c00000, 0x00000000c9c00000| Untracked 
| 157|0x00000000c9d00000, 0x00000000c9d00000, 0x00000000c9e00000|  0%| F|  |TAMS 0x00000000c9d00000, 0x00000000c9d00000| Untracked 
| 158|0x00000000c9e00000, 0x00000000c9f00000, 0x00000000c9f00000|100%| S|CS|TAMS 0x00000000c9e00000, 0x00000000c9e00000| Complete 
| 159|0x00000000c9f00000, 0x00000000ca000000, 0x00000000ca000000|100%| S|CS|TAMS 0x00000000c9f00000, 0x00000000c9f00000| Complete 
| 160|0x00000000ca000000, 0x00000000ca100000, 0x00000000ca100000|100%| S|CS|TAMS 0x00000000ca000000, 0x00000000ca000000| Complete 
| 161|0x00000000ca100000, 0x00000000ca200000, 0x00000000ca200000|100%| S|CS|TAMS 0x00000000ca100000, 0x00000000ca100000| Complete 
| 162|0x00000000ca200000, 0x00000000ca300000, 0x00000000ca300000|100%| S|CS|TAMS 0x00000000ca200000, 0x00000000ca200000| Complete 
| 163|0x00000000ca300000, 0x00000000ca400000, 0x00000000ca400000|100%| S|CS|TAMS 0x00000000ca300000, 0x00000000ca300000| Complete 
| 164|0x00000000ca400000, 0x00000000ca500000, 0x00000000ca500000|100%| S|CS|TAMS 0x00000000ca400000, 0x00000000ca400000| Complete 
| 165|0x00000000ca500000, 0x00000000ca600000, 0x00000000ca600000|100%| S|CS|TAMS 0x00000000ca500000, 0x00000000ca500000| Complete 
| 166|0x00000000ca600000, 0x00000000ca700000, 0x00000000ca700000|100%| S|CS|TAMS 0x00000000ca600000, 0x00000000ca600000| Complete 
| 167|0x00000000ca700000, 0x00000000ca800000, 0x00000000ca800000|100%| S|CS|TAMS 0x00000000ca700000, 0x00000000ca700000| Complete 
| 168|0x00000000ca800000, 0x00000000ca800000, 0x00000000ca900000|  0%| F|  |TAMS 0x00000000ca800000, 0x00000000ca800000| Untracked 
| 169|0x00000000ca900000, 0x00000000ca900000, 0x00000000caa00000|  0%| F|  |TAMS 0x00000000ca900000, 0x00000000ca900000| Untracked 
| 170|0x00000000caa00000, 0x00000000caa00000, 0x00000000cab00000|  0%| F|  |TAMS 0x00000000caa00000, 0x00000000caa00000| Untracked 
| 171|0x00000000cab00000, 0x00000000cab00000, 0x00000000cac00000|  0%| F|  |TAMS 0x00000000cab00000, 0x00000000cab00000| Untracked 
| 172|0x00000000cac00000, 0x00000000cac00000, 0x00000000cad00000|  0%| F|  |TAMS 0x00000000cac00000, 0x00000000cac00000| Untracked 
| 173|0x00000000cad00000, 0x00000000cad00000, 0x00000000cae00000|  0%| F|  |TAMS 0x00000000cad00000, 0x00000000cad00000| Untracked 
| 174|0x00000000cae00000, 0x00000000cae00000, 0x00000000caf00000|  0%| F|  |TAMS 0x00000000cae00000, 0x00000000cae00000| Untracked 
| 175|0x00000000caf00000, 0x00000000caf00000, 0x00000000cb000000|  0%| F|  |TAMS 0x00000000caf00000, 0x00000000caf00000| Untracked 
| 176|0x00000000cb000000, 0x00000000cb000000, 0x00000000cb100000|  0%| F|  |TAMS 0x00000000cb000000, 0x00000000cb000000| Untracked 
| 177|0x00000000cb100000, 0x00000000cb100000, 0x00000000cb200000|  0%| F|  |TAMS 0x00000000cb100000, 0x00000000cb100000| Untracked 
| 178|0x00000000cb200000, 0x00000000cb200000, 0x00000000cb300000|  0%| F|  |TAMS 0x00000000cb200000, 0x00000000cb200000| Untracked 
| 179|0x00000000cb300000, 0x00000000cb300000, 0x00000000cb400000|  0%| F|  |TAMS 0x00000000cb300000, 0x00000000cb300000| Untracked 
| 180|0x00000000cb400000, 0x00000000cb400000, 0x00000000cb500000|  0%| F|  |TAMS 0x00000000cb400000, 0x00000000cb400000| Untracked 
| 181|0x00000000cb500000, 0x00000000cb500000, 0x00000000cb600000|  0%| F|  |TAMS 0x00000000cb500000, 0x00000000cb500000| Untracked 
| 182|0x00000000cb600000, 0x00000000cb600000, 0x00000000cb700000|  0%| F|  |TAMS 0x00000000cb600000, 0x00000000cb600000| Untracked 
| 183|0x00000000cb700000, 0x00000000cb700000, 0x00000000cb800000|  0%| F|  |TAMS 0x00000000cb700000, 0x00000000cb700000| Untracked 
| 184|0x00000000cb800000, 0x00000000cb800000, 0x00000000cb900000|  0%| F|  |TAMS 0x00000000cb800000, 0x00000000cb800000| Untracked 
| 185|0x00000000cb900000, 0x00000000cb900000, 0x00000000cba00000|  0%| F|  |TAMS 0x00000000cb900000, 0x00000000cb900000| Untracked 
| 186|0x00000000cba00000, 0x00000000cba00000, 0x00000000cbb00000|  0%| F|  |TAMS 0x00000000cba00000, 0x00000000cba00000| Untracked 
| 187|0x00000000cbb00000, 0x00000000cbb00000, 0x00000000cbc00000|  0%| F|  |TAMS 0x00000000cbb00000, 0x00000000cbb00000| Untracked 
| 188|0x00000000cbc00000, 0x00000000cbc00000, 0x00000000cbd00000|  0%| F|  |TAMS 0x00000000cbc00000, 0x00000000cbc00000| Untracked 
| 189|0x00000000cbd00000, 0x00000000cbd00000, 0x00000000cbe00000|  0%| F|  |TAMS 0x00000000cbd00000, 0x00000000cbd00000| Untracked 
| 190|0x00000000cbe00000, 0x00000000cbe00000, 0x00000000cbf00000|  0%| F|  |TAMS 0x00000000cbe00000, 0x00000000cbe00000| Untracked 
| 191|0x00000000cbf00000, 0x00000000cbf00000, 0x00000000cc000000|  0%| F|  |TAMS 0x00000000cbf00000, 0x00000000cbf00000| Untracked 
| 192|0x00000000cc000000, 0x00000000cc000000, 0x00000000cc100000|  0%| F|  |TAMS 0x00000000cc000000, 0x00000000cc000000| Untracked 
| 193|0x00000000cc100000, 0x00000000cc100000, 0x00000000cc200000|  0%| F|  |TAMS 0x00000000cc100000, 0x00000000cc100000| Untracked 
| 194|0x00000000cc200000, 0x00000000cc200000, 0x00000000cc300000|  0%| F|  |TAMS 0x00000000cc200000, 0x00000000cc200000| Untracked 
| 195|0x00000000cc300000, 0x00000000cc300000, 0x00000000cc400000|  0%| F|  |TAMS 0x00000000cc300000, 0x00000000cc300000| Untracked 
| 196|0x00000000cc400000, 0x00000000cc400000, 0x00000000cc500000|  0%| F|  |TAMS 0x00000000cc400000, 0x00000000cc400000| Untracked 
| 197|0x00000000cc500000, 0x00000000cc500000, 0x00000000cc600000|  0%| F|  |TAMS 0x00000000cc500000, 0x00000000cc500000| Untracked 
| 198|0x00000000cc600000, 0x00000000cc600000, 0x00000000cc700000|  0%| F|  |TAMS 0x00000000cc600000, 0x00000000cc600000| Untracked 
| 199|0x00000000cc700000, 0x00000000cc700000, 0x00000000cc800000|  0%| F|  |TAMS 0x00000000cc700000, 0x00000000cc700000| Untracked 
| 200|0x00000000cc800000, 0x00000000cc800000, 0x00000000cc900000|  0%| F|  |TAMS 0x00000000cc800000, 0x00000000cc800000| Untracked 
| 201|0x00000000cc900000, 0x00000000cc900000, 0x00000000cca00000|  0%| F|  |TAMS 0x00000000cc900000, 0x00000000cc900000| Untracked 
| 202|0x00000000cca00000, 0x00000000cca00000, 0x00000000ccb00000|  0%| F|  |TAMS 0x00000000cca00000, 0x00000000cca00000| Untracked 
| 203|0x00000000ccb00000, 0x00000000ccbe2e48, 0x00000000ccc00000| 88%| E|  |TAMS 0x00000000ccb00000, 0x00000000ccb00000| Complete 
| 204|0x00000000ccc00000, 0x00000000ccd00000, 0x00000000ccd00000|100%| E|CS|TAMS 0x00000000ccc00000, 0x00000000ccc00000| Complete 
| 205|0x00000000ccd00000, 0x00000000cce00000, 0x00000000cce00000|100%| E|CS|TAMS 0x00000000ccd00000, 0x00000000ccd00000| Complete 
| 206|0x00000000cce00000, 0x00000000ccf00000, 0x00000000ccf00000|100%| E|CS|TAMS 0x00000000cce00000, 0x00000000cce00000| Complete 
| 207|0x00000000ccf00000, 0x00000000cd000000, 0x00000000cd000000|100%| E|CS|TAMS 0x00000000ccf00000, 0x00000000ccf00000| Complete 
| 208|0x00000000cd000000, 0x00000000cd100000, 0x00000000cd100000|100%| E|CS|TAMS 0x00000000cd000000, 0x00000000cd000000| Complete 
| 209|0x00000000cd100000, 0x00000000cd200000, 0x00000000cd200000|100%| E|CS|TAMS 0x00000000cd100000, 0x00000000cd100000| Complete 
| 210|0x00000000cd200000, 0x00000000cd300000, 0x00000000cd300000|100%| E|CS|TAMS 0x00000000cd200000, 0x00000000cd200000| Complete 
| 211|0x00000000cd300000, 0x00000000cd400000, 0x00000000cd400000|100%| E|CS|TAMS 0x00000000cd300000, 0x00000000cd300000| Complete 
| 212|0x00000000cd400000, 0x00000000cd500000, 0x00000000cd500000|100%| E|CS|TAMS 0x00000000cd400000, 0x00000000cd400000| Complete 
| 213|0x00000000cd500000, 0x00000000cd600000, 0x00000000cd600000|100%| E|CS|TAMS 0x00000000cd500000, 0x00000000cd500000| Complete 
| 214|0x00000000cd600000, 0x00000000cd700000, 0x00000000cd700000|100%| E|CS|TAMS 0x00000000cd600000, 0x00000000cd600000| Complete 
| 215|0x00000000cd700000, 0x00000000cd800000, 0x00000000cd800000|100%| E|CS|TAMS 0x00000000cd700000, 0x00000000cd700000| Complete 
| 216|0x00000000cd800000, 0x00000000cd900000, 0x00000000cd900000|100%| E|CS|TAMS 0x00000000cd800000, 0x00000000cd800000| Complete 
| 217|0x00000000cd900000, 0x00000000cda00000, 0x00000000cda00000|100%| E|CS|TAMS 0x00000000cd900000, 0x00000000cd900000| Complete 
| 218|0x00000000cda00000, 0x00000000cdb00000, 0x00000000cdb00000|100%| E|CS|TAMS 0x00000000cda00000, 0x00000000cda00000| Complete 
| 219|0x00000000cdb00000, 0x00000000cdc00000, 0x00000000cdc00000|100%| E|CS|TAMS 0x00000000cdb00000, 0x00000000cdb00000| Complete 
| 220|0x00000000cdc00000, 0x00000000cdd00000, 0x00000000cdd00000|100%| E|CS|TAMS 0x00000000cdc00000, 0x00000000cdc00000| Complete 
| 221|0x00000000cdd00000, 0x00000000cde00000, 0x00000000cde00000|100%| E|CS|TAMS 0x00000000cdd00000, 0x00000000cdd00000| Complete 
| 222|0x00000000cde00000, 0x00000000cdf00000, 0x00000000cdf00000|100%| E|CS|TAMS 0x00000000cde00000, 0x00000000cde00000| Complete 
| 223|0x00000000cdf00000, 0x00000000ce000000, 0x00000000ce000000|100%| E|CS|TAMS 0x00000000cdf00000, 0x00000000cdf00000| Complete 
| 224|0x00000000ce000000, 0x00000000ce100000, 0x00000000ce100000|100%| E|CS|TAMS 0x00000000ce000000, 0x00000000ce000000| Complete 
| 225|0x00000000ce100000, 0x00000000ce200000, 0x00000000ce200000|100%| E|CS|TAMS 0x00000000ce100000, 0x00000000ce100000| Complete 
| 226|0x00000000ce200000, 0x00000000ce300000, 0x00000000ce300000|100%| E|CS|TAMS 0x00000000ce200000, 0x00000000ce200000| Complete 
| 227|0x00000000ce300000, 0x00000000ce400000, 0x00000000ce400000|100%| E|CS|TAMS 0x00000000ce300000, 0x00000000ce300000| Complete 
| 228|0x00000000ce400000, 0x00000000ce500000, 0x00000000ce500000|100%| E|CS|TAMS 0x00000000ce400000, 0x00000000ce400000| Complete 
| 229|0x00000000ce500000, 0x00000000ce600000, 0x00000000ce600000|100%| E|CS|TAMS 0x00000000ce500000, 0x00000000ce500000| Complete 
| 230|0x00000000ce600000, 0x00000000ce700000, 0x00000000ce700000|100%| E|CS|TAMS 0x00000000ce600000, 0x00000000ce600000| Complete 
| 231|0x00000000ce700000, 0x00000000ce800000, 0x00000000ce800000|100%| E|CS|TAMS 0x00000000ce700000, 0x00000000ce700000| Complete 

Card table byte_map: [0x0000026e7f9a0000,0x0000026e7fba0000] _byte_map_base: 0x0000026e7f3a0000

Marking Bits (Prev, Next): (CMBitMap*) 0x0000026e79a51630, (CMBitMap*) 0x0000026e79a515f0
 Prev Bits: [0x0000026e01000000, 0x0000026e02000000)
 Next Bits: [0x0000026e00000000, 0x0000026e01000000)

Polling page: 0x0000026e77980000

Metaspace:

Usage:
  Non-class:     59.16 MB used.
      Class:      9.25 MB used.
       Both:     68.40 MB used.

Virtual space:
  Non-class space:       64.00 MB reserved,      59.38 MB ( 93%) committed,  8 nodes.
      Class space:        1.00 GB reserved,       9.50 MB ( <1%) committed,  1 nodes.
             Both:        1.06 GB reserved,      68.88 MB (  6%) committed. 

Chunk freelists:
   Non-Class:  339.00 KB
       Class:  2.55 MB
        Both:  2.88 MB

MaxMetaspaceSize: unlimited
CompressedClassSpaceSize: 1.00 GB
Initial GC threshold: 21.00 MB
Current GC threshold: 114.81 MB
CDS: off
MetaspaceReclaimPolicy: balanced
 - commit_granule_bytes: 65536.
 - commit_granule_words: 8192.
 - virtual_space_node_default_size: 1048576.
 - enlarge_chunks_in_place: 1.
 - new_chunks_are_fully_committed: 0.
 - uncommit_free_chunks: 1.
 - use_allocation_guard: 0.
 - handle_deallocations: 1.


Internal statistics:

num_allocs_failed_limit: 6.
num_arena_births: 870.
num_arena_deaths: 320.
num_vsnodes_births: 9.
num_vsnodes_deaths: 0.
num_space_committed: 1102.
num_space_uncommitted: 0.
num_chunks_returned_to_freelist: 389.
num_chunks_taken_from_freelist: 3291.
num_chunk_merges: 123.
num_chunk_splits: 2192.
num_chunks_enlarged: 1626.
num_purges: 18.
num_inconsistent_stats: 0.

CodeCache: size=49152Kb used=20167Kb max_used=20460Kb free=28984Kb
 bounds [0x0000026e7c690000, 0x0000026e7dac0000, 0x0000026e7f690000]
 total_blobs=11904 nmethods=11212 adapters=618
 compilation: enabled
              stopped_count=0, restarted_count=0
 full_count=0

Compilation events (20 events):
Event: 5840.381 Thread 0x0000026e054035c0 11363       1       com.sun.tools.javac.comp.Check::checkNonVoid (32 bytes)
Event: 5840.381 Thread 0x0000026e054035c0 nmethod 11363 0x0000026e7da9a810 code [0x0000026e7da9aa00, 0x0000026e7da9ad98]
Event: 5840.382 Thread 0x0000026e054035c0 11364       1       com.sun.tools.javac.code.Types::wildLowerBound (43 bytes)
Event: 5840.382 Thread 0x0000026e054035c0 nmethod 11364 0x0000026e7da9a290 code [0x0000026e7da9a440, 0x0000026e7da9a658]
Event: 5840.384 Thread 0x0000026e054035c0 11365       1       com.sun.tools.javac.tree.JCTree$JCExpressionStatement::accept (6 bytes)
Event: 5840.384 Thread 0x0000026e054035c0 nmethod 11365 0x0000026e7da99f90 code [0x0000026e7da9a120, 0x0000026e7da9a208]
Event: 5840.384 Thread 0x0000026e054035c0 11366       1       com.sun.tools.javac.tree.JCTree$JCCompilationUnit::getPackage (42 bytes)
Event: 5840.384 Thread 0x0000026e054035c0 nmethod 11366 0x0000026e7da99a10 code [0x0000026e7da99be0, 0x0000026e7da99df8]
Event: 5840.419 Thread 0x0000026e054035c0 11367       1       com.sun.tools.javac.code.Symbol$MethodSymbol::implementation (57 bytes)
Event: 5840.419 Thread 0x0000026e054035c0 nmethod 11367 0x0000026e7da99290 code [0x0000026e7da99480, 0x0000026e7da99768]
Event: 5840.419 Thread 0x0000026e054035c0 11370       1       java.util.RegularEnumSet::clear (6 bytes)
Event: 5840.420 Thread 0x0000026e054035c0 nmethod 11370 0x0000026e7da98f90 code [0x0000026e7da99120, 0x0000026e7da991f8]
Event: 5840.420 Thread 0x0000026e054035c0 11368       1       com.sun.tools.javac.code.Types::implementation (13 bytes)
Event: 5840.420 Thread 0x0000026e054035c0 nmethod 11368 0x0000026e7da98c10 code [0x0000026e7da98da0, 0x0000026e7da98e88]
Event: 5840.420 Thread 0x0000026e054035c0 11369       1       com.sun.tools.javac.code.Types$ImplementationCache::get (159 bytes)
Event: 5840.421 Thread 0x0000026e054035c0 nmethod 11369 0x0000026e7da97d90 code [0x0000026e7da97fc0, 0x0000026e7da987d8]
Event: 5840.421 Thread 0x0000026e054035c0 11371       1       com.sun.tools.javac.code.Types::isSubtypeUnchecked (25 bytes)
Event: 5840.421 Thread 0x0000026e054035c0 nmethod 11371 0x0000026e7da97990 code [0x0000026e7da97b40, 0x0000026e7da97c98]
Event: 5840.801 Thread 0x0000026e054035c0 11372       1       com.sun.tools.javac.code.ClassFinder$$Lambda$1031/0x00000001008e16b8::<init> (26 bytes)
Event: 5840.801 Thread 0x0000026e054035c0 nmethod 11372 0x0000026e7da97510 code [0x0000026e7da976a0, 0x0000026e7da978d8]

GC Heap History (20 events):
Event: 5732.282 GC heap before
{Heap before GC invocations=556 (full 485):
 garbage-first heap   total 237568K, used 78778K [0x00000000c0000000, 0x0000000100000000)
  region size 1024K, 2 young (2048K), 0 survivors (0K)
 Metaspace       used 70042K, committed 70528K, reserved 1114112K
  class space    used 9469K, committed 9728K, reserved 1048576K
}
Event: 5732.343 GC heap after
{Heap after GC invocations=557 (full 486):
 garbage-first heap   total 237568K, used 77759K [0x00000000c0000000, 0x0000000100000000)
  region size 1024K, 0 young (0K), 0 survivors (0K)
 Metaspace       used 70042K, committed 70528K, reserved 1114112K
  class space    used 9469K, committed 9728K, reserved 1048576K
}
Event: 5742.501 GC heap before
{Heap before GC invocations=557 (full 486):
 garbage-first heap   total 237568K, used 77759K [0x00000000c0000000, 0x0000000100000000)
  region size 1024K, 1 young (1024K), 0 survivors (0K)
 Metaspace       used 70042K, committed 70528K, reserved 1114112K
  class space    used 9469K, committed 9728K, reserved 1048576K
}
Event: 5742.557 GC heap after
{Heap after GC invocations=558 (full 487):
 garbage-first heap   total 237568K, used 77759K [0x00000000c0000000, 0x0000000100000000)
  region size 1024K, 0 young (0K), 0 survivors (0K)
 Metaspace       used 70042K, committed 70528K, reserved 1114112K
  class space    used 9469K, committed 9728K, reserved 1048576K
}
Event: 5752.713 GC heap before
{Heap before GC invocations=558 (full 487):
 garbage-first heap   total 237568K, used 77759K [0x00000000c0000000, 0x0000000100000000)
  region size 1024K, 1 young (1024K), 0 survivors (0K)
 Metaspace       used 70042K, committed 70528K, reserved 1114112K
  class space    used 9469K, committed 9728K, reserved 1048576K
}
Event: 5752.766 GC heap after
{Heap after GC invocations=559 (full 488):
 garbage-first heap   total 237568K, used 77759K [0x00000000c0000000, 0x0000000100000000)
  region size 1024K, 0 young (0K), 0 survivors (0K)
 Metaspace       used 70042K, committed 70528K, reserved 1114112K
  class space    used 9469K, committed 9728K, reserved 1048576K
}
Event: 5762.926 GC heap before
{Heap before GC invocations=559 (full 488):
 garbage-first heap   total 237568K, used 77759K [0x00000000c0000000, 0x0000000100000000)
  region size 1024K, 1 young (1024K), 0 survivors (0K)
 Metaspace       used 70042K, committed 70528K, reserved 1114112K
  class space    used 9469K, committed 9728K, reserved 1048576K
}
Event: 5762.976 GC heap after
{Heap after GC invocations=560 (full 489):
 garbage-first heap   total 237568K, used 77756K [0x00000000c0000000, 0x0000000100000000)
  region size 1024K, 0 young (0K), 0 survivors (0K)
 Metaspace       used 70042K, committed 70528K, reserved 1114112K
  class space    used 9469K, committed 9728K, reserved 1048576K
}
Event: 5773.133 GC heap before
{Heap before GC invocations=560 (full 489):
 garbage-first heap   total 237568K, used 77756K [0x00000000c0000000, 0x0000000100000000)
  region size 1024K, 1 young (1024K), 0 survivors (0K)
 Metaspace       used 70042K, committed 70528K, reserved 1114112K
  class space    used 9469K, committed 9728K, reserved 1048576K
}
Event: 5773.187 GC heap after
{Heap after GC invocations=561 (full 490):
 garbage-first heap   total 237568K, used 77756K [0x00000000c0000000, 0x0000000100000000)
  region size 1024K, 0 young (0K), 0 survivors (0K)
 Metaspace       used 70042K, committed 70528K, reserved 1114112K
  class space    used 9469K, committed 9728K, reserved 1048576K
}
Event: 5783.363 GC heap before
{Heap before GC invocations=561 (full 490):
 garbage-first heap   total 237568K, used 77756K [0x00000000c0000000, 0x0000000100000000)
  region size 1024K, 1 young (1024K), 0 survivors (0K)
 Metaspace       used 70042K, committed 70528K, reserved 1114112K
  class space    used 9469K, committed 9728K, reserved 1048576K
}
Event: 5783.427 GC heap after
{Heap after GC invocations=562 (full 491):
 garbage-first heap   total 237568K, used 77756K [0x00000000c0000000, 0x0000000100000000)
  region size 1024K, 0 young (0K), 0 survivors (0K)
 Metaspace       used 70042K, committed 70528K, reserved 1114112K
  class space    used 9469K, committed 9728K, reserved 1048576K
}
Event: 5823.667 GC heap before
{Heap before GC invocations=562 (full 491):
 garbage-first heap   total 237568K, used 78780K [0x00000000c0000000, 0x0000000100000000)
  region size 1024K, 2 young (2048K), 0 survivors (0K)
 Metaspace       used 70043K, committed 70528K, reserved 1114112K
  class space    used 9469K, committed 9728K, reserved 1048576K
}
Event: 5823.721 GC heap after
{Heap after GC invocations=563 (full 492):
 garbage-first heap   total 237568K, used 77756K [0x00000000c0000000, 0x0000000100000000)
  region size 1024K, 0 young (0K), 0 survivors (0K)
 Metaspace       used 70043K, committed 70528K, reserved 1114112K
  class space    used 9469K, committed 9728K, reserved 1048576K
}
Event: 5840.570 GC heap before
{Heap before GC invocations=563 (full 492):
 garbage-first heap   total 237568K, used 192444K [0x00000000c0000000, 0x0000000100000000)
  region size 1024K, 112 young (114688K), 0 survivors (0K)
 Metaspace       used 70046K, committed 70528K, reserved 1114112K
  class space    used 9470K, committed 9728K, reserved 1048576K
}
Event: 5840.617 GC heap after
{Heap after GC invocations=564 (full 492):
 garbage-first heap   total 237568K, used 103783K [0x00000000c0000000, 0x0000000100000000)
  region size 1024K, 14 young (14336K), 14 survivors (14336K)
 Metaspace       used 70046K, committed 70528K, reserved 1114112K
  class space    used 9470K, committed 9728K, reserved 1048576K
}
Event: 5840.940 GC heap before
{Heap before GC invocations=564 (full 492):
 garbage-first heap   total 237568K, used 185703K [0x00000000c0000000, 0x0000000100000000)
  region size 1024K, 89 young (91136K), 14 survivors (14336K)
 Metaspace       used 70046K, committed 70528K, reserved 1114112K
  class space    used 9470K, committed 9728K, reserved 1048576K
}
Event: 5840.969 GC heap after
{Heap after GC invocations=565 (full 492):
 garbage-first heap   total 237568K, used 120379K [0x00000000c0000000, 0x0000000100000000)
  region size 1024K, 12 young (12288K), 12 survivors (12288K)
 Metaspace       used 70046K, committed 70528K, reserved 1114112K
  class space    used 9470K, committed 9728K, reserved 1048576K
}
Event: 5841.236 GC heap before
{Heap before GC invocations=565 (full 492):
 garbage-first heap   total 237568K, used 184891K [0x00000000c0000000, 0x0000000100000000)
  region size 1024K, 76 young (77824K), 12 survivors (12288K)
 Metaspace       used 70046K, committed 70528K, reserved 1114112K
  class space    used 9470K, committed 9728K, reserved 1048576K
}
Event: 5841.256 GC heap after
{Heap after GC invocations=566 (full 492):
 garbage-first heap   total 237568K, used 132002K [0x00000000c0000000, 0x0000000100000000)
  region size 1024K, 10 young (10240K), 10 survivors (10240K)
 Metaspace       used 70046K, committed 70528K, reserved 1114112K
  class space    used 9470K, committed 9728K, reserved 1048576K
}

Dll operation events (10 events):
Event: 0.026 Loaded shared library c:\Users\Ethan\.vscode\extensions\redhat.java-1.14.0-win32-x64\jre\17.0.5-win32-x86_64\bin\java.dll
Event: 0.737 Loaded shared library C:\Users\Ethan\.vscode\extensions\redhat.java-1.14.0-win32-x64\jre\17.0.5-win32-x86_64\bin\net.dll
Event: 0.754 Loaded shared library C:\Users\Ethan\.vscode\extensions\redhat.java-1.14.0-win32-x64\jre\17.0.5-win32-x86_64\bin\nio.dll
Event: 0.793 Loaded shared library C:\Users\Ethan\.vscode\extensions\redhat.java-1.14.0-win32-x64\jre\17.0.5-win32-x86_64\bin\zip.dll
Event: 1.490 Loaded shared library C:\Users\Ethan\.vscode\extensions\redhat.java-1.14.0-win32-x64\jre\17.0.5-win32-x86_64\bin\jimage.dll
Event: 1.865 Loaded shared library c:\Users\Ethan\.vscode\extensions\redhat.java-1.14.0-win32-x64\jre\17.0.5-win32-x86_64\bin\verify.dll
Event: 11.105 Loaded shared library C:\Users\Ethan\.vscode\extensions\redhat.java-1.14.0-win32-x64\jre\17.0.5-win32-x86_64\bin\management.dll
Event: 11.112 Loaded shared library C:\Users\Ethan\.vscode\extensions\redhat.java-1.14.0-win32-x64\jre\17.0.5-win32-x86_64\bin\management_ext.dll
Event: 22.300 Loaded shared library C:\Users\Ethan\.vscode\extensions\redhat.java-1.14.0-win32-x64\jre\17.0.5-win32-x86_64\bin\sunmscapi.dll
Event: 39.182 Loaded shared library C:\Users\Ethan\AppData\Local\Temp\snappy-1.1.8-67cc7e71-6137-4510-8564-392f4da81d93-snappyjava.dll

Deoptimization events (20 events):
Event: 36.672 Thread 0x0000026e05ee3000 DEOPT PACKING pc=0x0000026e7d3e2574 sp=0x000000c610bfdea0
Event: 36.672 Thread 0x0000026e05ee3000 DEOPT UNPACKING pc=0x0000026e7c6e2b43 sp=0x000000c610bfd3d0 mode 0
Event: 36.673 Thread 0x0000026e05ee3000 DEOPT PACKING pc=0x0000026e7d38b8f4 sp=0x000000c610bfe1a0
Event: 36.673 Thread 0x0000026e05ee3000 DEOPT UNPACKING pc=0x0000026e7c6e2b43 sp=0x000000c610bfd698 mode 0
Event: 36.673 Thread 0x0000026e05ee3000 DEOPT PACKING pc=0x0000026e7d38ed74 sp=0x000000c610bfe270
Event: 36.673 Thread 0x0000026e05ee3000 DEOPT UNPACKING pc=0x0000026e7c6e2b43 sp=0x000000c610bfd748 mode 0
Event: 36.673 Thread 0x0000026e05ee3000 DEOPT PACKING pc=0x0000026e7d354a24 sp=0x000000c610bfe320
Event: 36.673 Thread 0x0000026e05ee3000 DEOPT UNPACKING pc=0x0000026e7c6e2b43 sp=0x000000c610bfd8a0 mode 0
Event: 36.675 Thread 0x0000026e05ee3000 DEOPT PACKING pc=0x0000026e7d3a35ac sp=0x000000c610bfe640
Event: 36.675 Thread 0x0000026e05ee3000 DEOPT UNPACKING pc=0x0000026e7c6e2b43 sp=0x000000c610bfdad0 mode 0
Event: 4441.801 Thread 0x0000026e06310230 DEOPT PACKING pc=0x0000026e7cca5ad4 sp=0x000000c6109feeb0
Event: 4441.803 Thread 0x0000026e06310230 DEOPT UNPACKING pc=0x0000026e7c6e2b43 sp=0x000000c6109fe358 mode 0
Event: 4946.040 Thread 0x0000026e06bf1700 DEOPT PACKING pc=0x0000026e7d722c44 sp=0x000000c610ffd2d0
Event: 4946.040 Thread 0x0000026e06bf1700 DEOPT UNPACKING pc=0x0000026e7c6e2b43 sp=0x000000c610ffc7c0 mode 3
Event: 5130.203 Thread 0x0000026e06bf1700 DEOPT PACKING pc=0x0000026e7cb72720 sp=0x000000c610ffdb00
Event: 5130.203 Thread 0x0000026e06bf1700 DEOPT UNPACKING pc=0x0000026e7c6e2b43 sp=0x000000c610ffcf80 mode 3
Event: 5149.785 Thread 0x0000026e06bf03c0 DEOPT PACKING pc=0x0000026e7d854e24 sp=0x000000c6103fe9a0
Event: 5149.785 Thread 0x0000026e06bf03c0 DEOPT UNPACKING pc=0x0000026e7c6e2b43 sp=0x000000c6103fdef0 mode 0
Event: 5150.057 Thread 0x0000026e06bf03c0 DEOPT PACKING pc=0x0000026e7d8308b6 sp=0x000000c6103fd8b0
Event: 5150.057 Thread 0x0000026e06bf03c0 DEOPT UNPACKING pc=0x0000026e7c6e2b43 sp=0x000000c6103fcda8 mode 3

Classes unloaded (20 events):
Event: 5338.692 Thread 0x0000026e04814700 Unloading class 0x0000000100966800 'java/lang/invoke/LambdaForm$MH+0x0000000100966800'
Event: 5338.692 Thread 0x0000026e04814700 Unloading class 0x0000000100966400 'java/lang/invoke/LambdaForm$MH+0x0000000100966400'
Event: 5338.692 Thread 0x0000026e04814700 Unloading class 0x0000000100966000 'java/lang/invoke/LambdaForm$MH+0x0000000100966000'
Event: 5338.692 Thread 0x0000026e04814700 Unloading class 0x0000000100965c00 'java/lang/invoke/LambdaForm$MH+0x0000000100965c00'
Event: 5338.692 Thread 0x0000026e04814700 Unloading class 0x0000000100965800 'java/lang/invoke/LambdaForm$MH+0x0000000100965800'
Event: 5338.692 Thread 0x0000026e04814700 Unloading class 0x0000000100965400 'java/lang/invoke/LambdaForm$MH+0x0000000100965400'
Event: 5348.944 Thread 0x0000026e04814700 Unloading class 0x0000000100976800 'jdk/internal/reflect/GeneratedMethodAccessor34'
Event: 5348.944 Thread 0x0000026e04814700 Unloading class 0x0000000100976400 'jdk/internal/reflect/GeneratedConstructorAccessor63'
Event: 5348.944 Thread 0x0000026e04814700 Unloading class 0x0000000100976000 'jdk/internal/reflect/GeneratedMethodAccessor33'
Event: 5348.944 Thread 0x0000026e04814700 Unloading class 0x0000000100975c00 'jdk/internal/reflect/GeneratedConstructorAccessor62'
Event: 5348.944 Thread 0x0000026e04814700 Unloading class 0x0000000100975800 'jdk/internal/reflect/GeneratedMethodAccessor32'
Event: 5348.944 Thread 0x0000026e04814700 Unloading class 0x0000000100975400 'jdk/internal/reflect/GeneratedMethodAccessor31'
Event: 5348.944 Thread 0x0000026e04814700 Unloading class 0x0000000100975000 'jdk/internal/reflect/GeneratedMethodAccessor30'
Event: 5348.944 Thread 0x0000026e04814700 Unloading class 0x000000010096d800 'java/lang/invoke/LambdaForm$MH+0x000000010096d800'
Event: 5348.944 Thread 0x0000026e04814700 Unloading class 0x000000010096d400 'java/lang/invoke/LambdaForm$MH+0x000000010096d400'
Event: 5348.945 Thread 0x0000026e04814700 Unloading class 0x000000010096d000 'java/lang/invoke/LambdaForm$MH+0x000000010096d000'
Event: 5348.945 Thread 0x0000026e04814700 Unloading class 0x000000010096cc00 'java/lang/invoke/LambdaForm$MH+0x000000010096cc00'
Event: 5348.945 Thread 0x0000026e04814700 Unloading class 0x000000010096c800 'java/lang/invoke/LambdaForm$MH+0x000000010096c800'
Event: 5348.945 Thread 0x0000026e04814700 Unloading class 0x000000010096c400 'java/lang/invoke/LambdaForm$MH+0x000000010096c400'
Event: 5348.945 Thread 0x0000026e04814700 Unloading class 0x0000000100965000 'java/lang/invoke/LambdaForm$MH+0x0000000100965000'

Classes redefined (0 events):
No events

Internal exceptions (20 events):
Event: 5841.191 Thread 0x0000026e09aedaf0 Exception <a 'sun/nio/fs/WindowsException'{0x00000000cb080430}> (0x00000000cb080430) 
thrown [s\src\hotspot\share\prims\jni.cpp, line 516]
Event: 5841.191 Thread 0x0000026e09aedaf0 Exception <a 'sun/nio/fs/WindowsException'{0x00000000cb081950}> (0x00000000cb081950) 
thrown [s\src\hotspot\share\prims\jni.cpp, line 516]
Event: 5841.191 Thread 0x0000026e09aedaf0 Exception <a 'sun/nio/fs/WindowsException'{0x00000000cb081d58}> (0x00000000cb081d58) 
thrown [s\src\hotspot\share\prims\jni.cpp, line 516]
Event: 5841.217 Thread 0x0000026e09aedaf0 Exception <a 'sun/nio/fs/WindowsException'{0x00000000ca81c210}> (0x00000000ca81c210) 
thrown [s\src\hotspot\share\prims\jni.cpp, line 516]
Event: 5841.217 Thread 0x0000026e09aedaf0 Exception <a 'sun/nio/fs/WindowsException'{0x00000000ca81c630}> (0x00000000ca81c630) 
thrown [s\src\hotspot\share\prims\jni.cpp, line 516]
Event: 5841.217 Thread 0x0000026e09aedaf0 Exception <a 'sun/nio/fs/WindowsException'{0x00000000ca81db98}> (0x00000000ca81db98) 
thrown [s\src\hotspot\share\prims\jni.cpp, line 516]
Event: 5841.217 Thread 0x0000026e09aedaf0 Exception <a 'sun/nio/fs/WindowsException'{0x00000000ca81dfe0}> (0x00000000ca81dfe0) 
thrown [s\src\hotspot\share\prims\jni.cpp, line 516]
Event: 5841.218 Thread 0x0000026e09aedaf0 Exception <a 'sun/nio/fs/WindowsException'{0x00000000ca8312c8}> (0x00000000ca8312c8) 
thrown [s\src\hotspot\share\prims\jni.cpp, line 516]
Event: 5841.219 Thread 0x0000026e09aedaf0 Exception <a 'sun/nio/fs/WindowsException'{0x00000000ca8316b8}> (0x00000000ca8316b8) 
thrown [s\src\hotspot\share\prims\jni.cpp, line 516]
Event: 5841.219 Thread 0x0000026e09aedaf0 Exception <a 'sun/nio/fs/WindowsException'{0x00000000ca832bf0}> (0x00000000ca832bf0) 
thrown [s\src\hotspot\share\prims\jni.cpp, line 516]
Event: 5841.219 Thread 0x0000026e09aedaf0 Exception <a 'sun/nio/fs/WindowsException'{0x00000000ca833008}> (0x00000000ca833008) 
thrown [s\src\hotspot\share\prims\jni.cpp, line 516]
Event: 5841.267 Thread 0x0000026e09aedaf0 Exception <a 'sun/nio/fs/WindowsException'{0x00000000ce727be0}> (0x00000000ce727be0) 
thrown [s\src\hotspot\share\prims\jni.cpp, line 516]
Event: 5841.267 Thread 0x0000026e09aedaf0 Exception <a 'sun/nio/fs/WindowsException'{0x00000000ce728028}> (0x00000000ce728028) 
thrown [s\src\hotspot\share\prims\jni.cpp, line 516]
Event: 5841.267 Thread 0x0000026e09aedaf0 Exception <a 'sun/nio/fs/WindowsException'{0x00000000ce7295a8}> (0x00000000ce7295a8) 
thrown [s\src\hotspot\share\prims\jni.cpp, line 516]
Event: 5841.267 Thread 0x0000026e09aedaf0 Exception <a 'sun/nio/fs/WindowsException'{0x00000000ce729a10}> (0x00000000ce729a10) 
thrown [s\src\hotspot\share\prims\jni.cpp, line 516]
Event: 5841.272 Thread 0x0000026e09aedaf0 Exception <a 'sun/nio/fs/WindowsException'{0x00000000ce69ede0}> (0x00000000ce69ede0) 
thrown [s\src\hotspot\share\prims\jni.cpp, line 516]
Event: 5841.272 Thread 0x0000026e09aedaf0 Exception <a 'sun/nio/fs/WindowsException'{0x00000000ce69f1f8}> (0x00000000ce69f1f8) 
thrown [s\src\hotspot\share\prims\jni.cpp, line 516]
Event: 5841.273 Thread 0x0000026e09aedaf0 Exception <a 'sun/nio/fs/WindowsException'{0x00000000ce6a0748}> (0x00000000ce6a0748) 
thrown [s\src\hotspot\share\prims\jni.cpp, line 516]
Event: 5841.273 Thread 0x0000026e09aedaf0 Exception <a 'sun/nio/fs/WindowsException'{0x00000000ce6a0b80}> (0x00000000ce6a0b80) 
thrown [s\src\hotspot\share\prims\jni.cpp, line 516]
Event: 5841.328 Thread 0x0000026e09aedaf0 Exception <a 'sun/nio/fs/WindowsException'{0x00000000ce136818}> (0x00000000ce136818) 
thrown [s\src\hotspot\share\prims\jni.cpp, line 516]

VM Operations (20 events):
Event: 5752.713 Executing VM operation: G1CollectFull
Event: 5752.766 Executing VM operation: G1CollectFull done
Event: 5762.925 Executing VM operation: G1CollectFull
Event: 5762.976 Executing VM operation: G1CollectFull done
Event: 5773.133 Executing VM operation: G1CollectFull
Event: 5773.187 Executing VM operation: G1CollectFull done
Event: 5783.362 Executing VM operation: G1CollectFull
Event: 5783.427 Executing VM operation: G1CollectFull done
Event: 5823.667 Executing VM operation: G1CollectFull
Event: 5823.721 Executing VM operation: G1CollectFull done
Event: 5837.863 Executing VM operation: Cleanup
Event: 5837.863 Executing VM operation: Cleanup done
Event: 5838.878 Executing VM operation: Cleanup
Event: 5838.878 Executing VM operation: Cleanup done
Event: 5840.570 Executing VM operation: G1CollectForAllocation
Event: 5840.617 Executing VM operation: G1CollectForAllocation done
Event: 5840.940 Executing VM operation: G1CollectForAllocation
Event: 5840.969 Executing VM operation: G1CollectForAllocation done
Event: 5841.221 Executing VM operation: G1CollectForAllocation
Event: 5841.256 Executing VM operation: G1CollectForAllocation done

Events (20 events):
Event: 5535.960 Thread 0x0000026e09aec7b0 Thread exited: 0x0000026e09aec7b0
Event: 5587.849 Thread 0x0000026e06bf1bd0 Thread exited: 0x0000026e06bf1bd0
Event: 5587.849 Thread 0x0000026e09ae8df0 Thread exited: 0x0000026e09ae8df0
Event: 5592.296 Thread 0x0000026e09aee490 Thread added: 0x0000026e09aee490
Event: 5592.898 Thread 0x0000026e164fff30 Thread added: 0x0000026e164fff30
Event: 5592.974 Thread 0x0000026e09aebe10 Thread added: 0x0000026e09aebe10
Event: 5592.974 Thread 0x0000026e09aef300 Thread added: 0x0000026e09aef300
Event: 5598.911 Thread 0x0000026e09ae9c60 Thread added: 0x0000026e09ae9c60
Event: 5603.325 Thread 0x0000026e164fff30 Thread exited: 0x0000026e164fff30
Event: 5655.285 Thread 0x0000026e09aebe10 Thread exited: 0x0000026e09aebe10
Event: 5655.285 Thread 0x0000026e09ae8920 Thread exited: 0x0000026e09ae8920
Event: 5657.914 Thread 0x0000026e09aee490 Thread exited: 0x0000026e09aee490
Event: 5658.916 Thread 0x0000026e09ae9c60 Thread exited: 0x0000026e09ae9c60
Event: 5699.938 Thread 0x0000026e09aea600 Thread added: 0x0000026e09aea600
Event: 5759.952 Thread 0x0000026e09aef300 Thread exited: 0x0000026e09aef300
Event: 5759.952 Thread 0x0000026e09aea600 Thread exited: 0x0000026e09aea600
Event: 5783.677 Thread 0x0000026e09aee960 Thread added: 0x0000026e09aee960
Event: 5834.124 Thread 0x0000026e09ae92c0 Thread added: 0x0000026e09ae92c0
Event: 5838.004 Thread 0x0000026e09aee490 Thread added: 0x0000026e09aee490
Event: 5838.019 Thread 0x0000026e09aeee30 Thread added: 0x0000026e09aeee30


Dynamic libraries:
0x00007ff756c30000 - 0x00007ff756c3e000 	c:\Users\Ethan\.vscode\extensions\redhat.java-1.14.0-win32-x64\jre\17.0.5-win32-x86_64\bin\java.exe
0x00007ffb68710000 - 0x00007ffb68924000 	C:\WINDOWS\SYSTEM32\ntdll.dll
0x00007ffb671f0000 - 0x00007ffb672b3000 	C:\WINDOWS\System32\KERNEL32.DLL
0x00007ffb65ca0000 - 0x00007ffb6603d000 	C:\WINDOWS\System32\KERNELBASE.dll
0x00007ffb66290000 - 0x00007ffb663a1000 	C:\WINDOWS\System32\ucrtbase.dll
0x00007ffb4af30000 - 0x00007ffb4af47000 	c:\Users\Ethan\.vscode\extensions\redhat.java-1.14.0-win32-x64\jre\17.0.5-win32-x86_64\bin\jli.dll
0x00007ffb67040000 - 0x00007ffb671ed000 	C:\WINDOWS\System32\USER32.dll
0x00007ffb663b0000 - 0x00007ffb663d6000 	C:\WINDOWS\System32\win32u.dll
0x00007ffb66520000 - 0x00007ffb66549000 	C:\WINDOWS\System32\GDI32.dll
0x00007ffb66040000 - 0x00007ffb66152000 	C:\WINDOWS\System32\gdi32full.dll
0x00007ffb66460000 - 0x00007ffb664fa000 	C:\WINDOWS\System32\msvcp_win.dll
0x00007ffb4c620000 - 0x00007ffb4c639000 	c:\Users\Ethan\.vscode\extensions\redhat.java-1.14.0-win32-x64\jre\17.0.5-win32-x86_64\bin\VCRUNTIME140.dll
0x00007ffb38d60000 - 0x00007ffb38fee000 	C:\WINDOWS\WinSxS\amd64_microsoft.windows.common-controls_6595b64144ccf1df_6.0.22621.608_none_a9444ca7c10bb01d\COMCTL32.dll
0x00007ffb66f90000 - 0x00007ffb67037000 	C:\WINDOWS\System32\msvcrt.dll
0x00007ffb67880000 - 0x00007ffb678b2000 	C:\WINDOWS\System32\IMM32.DLL
0x00007ffb5c950000 - 0x00007ffb5c95c000 	c:\Users\Ethan\.vscode\extensions\redhat.java-1.14.0-win32-x64\jre\17.0.5-win32-x86_64\bin\vcruntime140_1.dll
0x00007ffb35ea0000 - 0x00007ffb35f31000 	c:\Users\Ethan\.vscode\extensions\redhat.java-1.14.0-win32-x64\jre\17.0.5-win32-x86_64\bin\msvcp140.dll
0x00007ffade000000 - 0x00007ffadec44000 	c:\Users\Ethan\.vscode\extensions\redhat.java-1.14.0-win32-x64\jre\17.0.5-win32-x86_64\bin\server\jvm.dll
0x00007ffb66560000 - 0x00007ffb6660e000 	C:\WINDOWS\System32\ADVAPI32.dll
0x00007ffb66ee0000 - 0x00007ffb66f84000 	C:\WINDOWS\System32\sechost.dll
0x00007ffb685b0000 - 0x00007ffb686c5000 	C:\WINDOWS\System32\RPCRT4.dll
0x00007ffb53cd0000 - 0x00007ffb53cd9000 	C:\WINDOWS\SYSTEM32\WSOCK32.dll
0x00007ffb66610000 - 0x00007ffb66681000 	C:\WINDOWS\System32\WS2_32.dll
0x00007ffb62e50000 - 0x00007ffb62e84000 	C:\WINDOWS\SYSTEM32\WINMM.dll
0x00007ffb5ac40000 - 0x00007ffb5ac4a000 	C:\WINDOWS\SYSTEM32\VERSION.dll
0x00007ffb64c40000 - 0x00007ffb64c58000 	C:\WINDOWS\SYSTEM32\kernel.appcore.dll
0x00007ffb53ca0000 - 0x00007ffb53caa000 	c:\Users\Ethan\.vscode\extensions\redhat.java-1.14.0-win32-x64\jre\17.0.5-win32-x86_64\bin\jimage.dll
0x00007ffb63110000 - 0x00007ffb6333e000 	C:\WINDOWS\SYSTEM32\DBGHELP.DLL
0x00007ffb66a70000 - 0x00007ffb66dfa000 	C:\WINDOWS\System32\combase.dll
0x00007ffb66e00000 - 0x00007ffb66ed7000 	C:\WINDOWS\System32\OLEAUT32.dll
0x00007ffb478e0000 - 0x00007ffb47912000 	C:\WINDOWS\SYSTEM32\dbgcore.DLL
0x00007ffb663e0000 - 0x00007ffb6645b000 	C:\WINDOWS\System32\bcryptPrimitives.dll
0x00007ffb4a8e0000 - 0x00007ffb4a905000 	c:\Users\Ethan\.vscode\extensions\redhat.java-1.14.0-win32-x64\jre\17.0.5-win32-x86_64\bin\java.dll
0x00007ffb4a670000 - 0x00007ffb4a688000 	c:\Users\Ethan\.vscode\extensions\redhat.java-1.14.0-win32-x64\jre\17.0.5-win32-x86_64\bin\zip.dll
0x00007ffb67ac0000 - 0x00007ffb682af000 	C:\WINDOWS\System32\SHELL32.dll
0x00007ffb63b10000 - 0x00007ffb643d8000 	C:\WINDOWS\SYSTEM32\windows.storage.dll
0x00007ffb639d0000 - 0x00007ffb63b0e000 	C:\WINDOWS\SYSTEM32\wintypes.dll
0x00007ffb68430000 - 0x00007ffb68521000 	C:\WINDOWS\System32\SHCORE.dll
0x00007ffb66a10000 - 0x00007ffb66a6e000 	C:\WINDOWS\System32\shlwapi.dll
0x00007ffb65a60000 - 0x00007ffb65a81000 	C:\WINDOWS\SYSTEM32\profapi.dll
0x00007ffb4a650000 - 0x00007ffb4a669000 	C:\Users\Ethan\.vscode\extensions\redhat.java-1.14.0-win32-x64\jre\17.0.5-win32-x86_64\bin\net.dll
0x00007ffb62a40000 - 0x00007ffb62b6f000 	C:\WINDOWS\SYSTEM32\WINHTTP.dll
0x00007ffb650e0000 - 0x00007ffb65149000 	C:\WINDOWS\system32\mswsock.dll
0x00007ffb4a630000 - 0x00007ffb4a645000 	C:\Users\Ethan\.vscode\extensions\redhat.java-1.14.0-win32-x64\jre\17.0.5-win32-x86_64\bin\nio.dll
0x00007ffb51b20000 - 0x00007ffb51b30000 	c:\Users\Ethan\.vscode\extensions\redhat.java-1.14.0-win32-x64\jre\17.0.5-win32-x86_64\bin\verify.dll
0x00007ffb65330000 - 0x00007ffb6534b000 	C:\WINDOWS\SYSTEM32\CRYPTSP.dll
0x00007ffb64bb0000 - 0x00007ffb64be5000 	C:\WINDOWS\system32\rsaenh.dll
0x00007ffb651d0000 - 0x00007ffb651f8000 	C:\WINDOWS\SYSTEM32\USERENV.dll
0x00007ffb654f0000 - 0x00007ffb65518000 	C:\WINDOWS\SYSTEM32\bcrypt.dll
0x00007ffb65350000 - 0x00007ffb6535c000 	C:\WINDOWS\SYSTEM32\CRYPTBASE.dll
0x00007ffb646a0000 - 0x00007ffb646cd000 	C:\WINDOWS\SYSTEM32\IPHLPAPI.DLL
0x00007ffb66550000 - 0x00007ffb66559000 	C:\WINDOWS\System32\NSI.dll
0x00007ffb59f00000 - 0x00007ffb59f19000 	C:\WINDOWS\SYSTEM32\dhcpcsvc6.DLL
0x00007ffb59ee0000 - 0x00007ffb59eff000 	C:\WINDOWS\SYSTEM32\dhcpcsvc.DLL
0x00007ffb646d0000 - 0x00007ffb647c2000 	C:\WINDOWS\SYSTEM32\DNSAPI.dll
0x00007ffb519f0000 - 0x00007ffb519f9000 	C:\Users\Ethan\.vscode\extensions\redhat.java-1.14.0-win32-x64\jre\17.0.5-win32-x86_64\bin\management.dll
0x00007ffb513e0000 - 0x00007ffb513eb000 	C:\Users\Ethan\.vscode\extensions\redhat.java-1.14.0-win32-x64\jre\17.0.5-win32-x86_64\bin\management_ext.dll
0x00007ffb68370000 - 0x00007ffb68378000 	C:\WINDOWS\System32\PSAPI.DLL
0x00007ffb543c0000 - 0x00007ffb543ce000 	C:\Users\Ethan\.vscode\extensions\redhat.java-1.14.0-win32-x64\jre\17.0.5-win32-x86_64\bin\sunmscapi.dll
0x00007ffb65b30000 - 0x00007ffb65c96000 	C:\WINDOWS\System32\CRYPT32.dll
0x00007ffb654c0000 - 0x00007ffb654ed000 	C:\WINDOWS\SYSTEM32\ncrypt.dll
0x00007ffb65480000 - 0x00007ffb654b7000 	C:\WINDOWS\SYSTEM32\NTASN1.dll
0x00007ffb57510000 - 0x00007ffb5751a000 	C:\Windows\System32\rasadhlp.dll
0x00007ffb575e0000 - 0x00007ffb57663000 	C:\WINDOWS\System32\fwpuclnt.dll
0x000000006c500000 - 0x000000006c5c7000 	C:\Users\Ethan\AppData\Local\Temp\snappy-1.1.8-67cc7e71-6137-4510-8564-392f4da81d93-snappyjava.dll

dbghelp: loaded successfully - version: 4.0.5 - missing functions: none
symbol engine: initialized successfully - sym options: 0x614 - pdb path: .;c:\Users\Ethan\.vscode\extensions\redhat.java-1.14.0-win32-x64\jre\17.0.5-win32-x86_64\bin;C:\WINDOWS\SYSTEM32;C:\WINDOWS\WinSxS\amd64_microsoft.windows.common-controls_6595b64144ccf1df_6.0.22621.608_none_a9444ca7c10bb01d;c:\Users\Ethan\.vscode\extensions\redhat.java-1.14.0-win32-x64\jre\17.0.5-win32-x86_64\bin\server;C:\Users\Ethan\AppData\Local\Temp

VM Arguments:
jvm_args: -XX:+HeapDumpOnOutOfMemoryError -Xmx1024m -Dsts.lsp.client=vscode -Dsts.log.file=/dev/null -XX:TieredStopAtLevel=1 -Xlog:jni+resolve=off -Dspring.config.location=file:c:\Users\Ethan\.vscode\extensions\vmware.vscode-spring-boot-1.44.0\language-server\BOOT-INF\classes\application.properties 
java_command: org.springframework.ide.vscode.boot.app.BootLanguageServerBootApp
java_class_path (initial): c:\Users\Ethan\.vscode\extensions\vmware.vscode-spring-boot-1.44.0\language-server\BOOT-INF\classes;c:\Users\Ethan\.vscode\extensions\vmware.vscode-spring-boot-1.44.0\language-server\BOOT-INF\lib\annotations-24.0.0.jar;c:\Users\Ethan\.vscode\extensions\vmware.vscode-spring-boot-1.44.0\language-server\BOOT-INF\lib\ant-1.10.13.jar;c:\Users\Ethan\.vscode\extensions\vmware.vscode-spring-boot-1.44.0\language-server\BOOT-INF\lib\ant-launcher-1.10.13.jar;c:\Users\Ethan\.vscode\extensions\vmware.vscode-spring-boot-1.44.0\language-server\BOOT-INF\lib\antlr-runtime-3.5.2.jar;c:\Users\Ethan\.vscode\extensions\vmware.vscode-spring-boot-1.44.0\language-server\BOOT-INF\lib\antlr4-4.9.3.jar;c:\Users\Ethan\.vscode\extensions\vmware.vscode-spring-boot-1.44.0\language-server\BOOT-INF\lib\antlr4-runtime-4.9.3.jar;c:\Users\Ethan\.vscode\extensions\vmware.vscode-spring-boot-1.44.0\language-server\BOOT-INF\lib\apiguardian-api-1.1.2.jar;c:\Users\Ethan\.vscode\extensions\vmware.vscode-spring-boot-1.44.0\language-server\BOOT-INF\lib\asm-9.4.jar;c:\Users\Ethan\.vscode\extensions\vmware.vscode-spring-boot-1.44.0\language-server\BOOT-INF\lib\asm-analysis-9.4.jar;c:\Users\Ethan\.vscode\extensions\vmware.vscode-spring-boot-1.44.0\language-server\BOOT-INF\lib\asm-tree-9.4.jar;c:\Users\Ethan\.vscode\extensions\vmware.vscode-spring-boot-1.44.0\language-server\BOOT-INF\lib\asm-util-9.4.jar;c:\Users\Ethan\.vscode\extensions\vmware.vscode-spring-boot-1.44.0\language-server\BOOT-INF\lib\caffeine-3.1.2.jar;c:\Users\Ethan\.vscode\extensions\vmware.vscode-spring-boot-1.44.0\language-server\BOOT-INF\lib\checker-qual-3.12.0.jar;c:\Users\Ethan\.vscode\extensions\vmware.vscode-spring-boot-1.44.0\language-server\BOOT-INF\lib\ci-environment-9.1.0.jar;c:\Users\Ethan\.vscode\extensions\vmware.vscode-spring-boot-1.44.0\language-server\BOOT-INF\lib\classgraph-4.8.149.jar;c:\Users\Ethan\.vscode\extensions\vmware.vscode-spring-boot-1.44.0\language-server\BOOT-INF\lib\commons-codec-1.15.ja
Launcher Type: SUN_STANDARD

[Global flags]
     intx CICompilerCount                          = 4                                         {product} {ergonomic}
     uint ConcGCThreads                            = 2                                         {product} {ergonomic}
     uint G1ConcRefinementThreads                  = 8                                         {product} {ergonomic}
   size_t G1HeapRegionSize                         = 1048576                                   {product} {ergonomic}
    uintx GCDrainStackTargetSize                   = 64                                        {product} {ergonomic}
     bool HeapDumpOnOutOfMemoryError               = true                                   {manageable} {command line}
   size_t InitialHeapSize                          = 132120576                                 {product} {ergonomic}
   size_t MarkStackSize                            = 4194304                                   {product} {ergonomic}
   size_t MaxHeapSize                              = 1073741824                                {product} {command line}
   size_t MaxNewSize                               = 643825664                                 {product} {ergonomic}
   size_t MinHeapDeltaBytes                        = 1048576                                   {product} {ergonomic}
   size_t MinHeapSize                              = 8388608                                   {product} {ergonomic}
    uintx NonProfiledCodeHeapSize                  = 0                                      {pd product} {ergonomic}
     bool ProfileInterpreter                       = false                                  {pd product} {command line}
    uintx ProfiledCodeHeapSize                     = 0                                      {pd product} {ergonomic}
   size_t SoftMaxHeapSize                          = 1073741824                             {manageable} {ergonomic}
     intx TieredStopAtLevel                        = 1                                         {product} {command line}
     bool UseCompressedClassPointers               = true                           {product lp64_product} {ergonomic}
     bool UseCompressedOops                        = true                           {product lp64_product} {ergonomic}
     bool UseG1GC                                  = true                                      {product} {ergonomic}
     bool UseLargePagesIndividualAllocation        = false                                  {pd product} {ergonomic}

Logging:
Log output configuration:
 #0: stdout all=warning,jni+resolve=off uptime,level,tags
 #1: stderr all=off uptime,level,tags

Environment Variables:
JAVA_HOME=C:\Program Files\Amazon Corretto\jdk17.0.6_10
PATH=C:\Program Files\Amazon Corretto\jdk17.0.6_10\bin;C:\Python311\Scripts\;C:\Python311\;C:\WINDOWS\system32;C:\WINDOWS;C:\WINDOWS\System32\Wbem;C:\WINDOWS\System32\WindowsPowerShell\v1.0\;C:\WINDOWS\System32\OpenSSH\;C:\Program Files\dotnet\;C:\Program Files\nodejs\;C:\ProgramData\chocolatey\bin;C:\Program Files\Git\cmd;C:\Users\Ethan\Documents\Bootcamp\Java\apache-maven-3.9.0-bin\apache-maven-3.9.0\bin;C:\Program Files\MySQL\MySQL Shell 8.0\bin\;C:\Users\Ethan\AppData\Local\Microsoft\WindowsApps;C:\Users\Ethan\AppData\Local\Programs\Microsoft VS Code\bin;C:\Users\Ethan\AppData\Roaming\npm;C:\Python311;C:\Users\Ethan\Documents\Bootcamp\Java\apache-maven-3.9.0-bin\apache-maven-3.9.0\bin;
USERNAME=Ethan
OS=Windows_NT
PROCESSOR_IDENTIFIER=Intel64 Family 6 Model 142 Stepping 11, GenuineIntel
TMP=C:\Users\Ethan\AppData\Local\Temp
TEMP=C:\Users\Ethan\AppData\Local\Temp



---------------  S Y S T E M  ---------------

OS:
 Windows 11 , 64 bit Build 22621 (10.0.22621.1105)
OS uptime: 0 days 6:08 hours
Hyper-V role detected

CPU: total 8 (initial active 8) (4 cores per cpu, 2 threads per core) family 6 model 142 stepping 11 microcode 0xea, cx8, cmov, fxsr, ht, mmx, 3dnowpref, sse, sse2, sse3, ssse3, sse4.1, sse4.2, popcnt, lzcnt, tsc, tscinvbit, avx, avx2, aes, erms, clmul, bmi1, bmi2, adx, fma, vzeroupper, clflush, clflushopt, hv

Memory: 4k page, system-wide physical 7957M (922M free)
TotalPageFile size 23829M (AvailPageFile size 11405M)
current process WorkingSet (physical memory assigned to process): 361M, peak: 651M
current process commit charge ("private bytes"): 436M, peak: 721M

vm_info: OpenJDK 64-Bit Server VM (17.0.5+8) for windows-amd64 JRE (17.0.5+8), built on Oct 19 2022 04:48:13 by "temurin" with MS VC++ 16.7 (VS2019)

END.
